"../../../Engine/Content/EditorResources/S_Actor.ubulk" 0
"../../../Engine/Content/EditorResources/S_Actor.uasset" 1
"../../../Engine/Content/EditorResources/S_Actor.uexp" 2
"../../../Engine/Content/EditorResources/S_BoxReflectionCapture.uasset" 3
"../../../Engine/Content/EditorResources/S_BoxReflectionCapture.uexp" 4
"../../../Engine/Content/EngineResources/DefaultTexture.ubulk" 5
"../../../Engine/Content/EngineResources/DefaultTexture.uasset" 6
"../../../Engine/Content/EngineResources/DefaultTexture.uexp" 7
"../../../Engine/Content/EngineResources/DefaultTextureCube.uasset" 8
"../../../Engine/Content/EngineResources/DefaultTextureCube.uexp" 9
"../../../Engine/Content/EngineResources/DefaultVolumeTexture2D.uasset" 10
"../../../Engine/Content/EngineResources/DefaultVolumeTexture2D.uexp" 11
"../../../Engine/Content/EngineResources/DefaultVolumeTexture.uasset" 12
"../../../Engine/Content/EngineResources/DefaultVolumeTexture.uexp" 13
"../../../Engine/Content/EditorResources/S_Trigger.ubulk" 14
"../../../Engine/Content/EditorResources/S_Trigger.uasset" 15
"../../../Engine/Content/EditorResources/S_Trigger.uexp" 16
"../../../Engine/Content/EditorResources/S_TriggerBox.uasset" 17
"../../../Engine/Content/EditorResources/S_TriggerBox.uexp" 18
"../../../Engine/Content/EditorResources/S_TriggerCapsule.uasset" 19
"../../../Engine/Content/EditorResources/S_TriggerCapsule.uexp" 20
"../../../Engine/Content/EditorResources/S_TriggerSphere.uasset" 21
"../../../Engine/Content/EditorResources/S_TriggerSphere.uexp" 22
"../../../Engine/Content/EngineMeshes/Sphere.ubulk" 23
"../../../Engine/Content/EngineMeshes/Sphere.uasset" 24
"../../../Engine/Content/EngineMeshes/Sphere.uexp" 25
"../../../Engine/Content/EngineResources/GradientTexture0.uasset" 26
"../../../Engine/Content/EngineResources/GradientTexture0.uexp" 27
"../../../Engine/Content/EngineResources/Black.uasset" 28
"../../../Engine/Content/EngineResources/Black.uexp" 29
"../../../Engine/Content/VREditor/LaserPointer/VR_LaserPower_01.ubulk" 30
"../../../Engine/Content/VREditor/LaserPointer/VR_LaserPower_01.uasset" 31
"../../../Engine/Content/VREditor/LaserPointer/VR_LaserPower_01.uexp" 32
"../../../Engine/Content/VREditor/TransformGizmo/TransformGizmoMaterial.uasset" 33
"../../../Engine/Content/VREditor/TransformGizmo/TransformGizmoMaterial.uexp" 34
"../../../Engine/Content/VREditor/TransformGizmo/TranslucentTransformGizmoMaterial.uasset" 35
"../../../Engine/Content/VREditor/TransformGizmo/TranslucentTransformGizmoMaterial.uexp" 36
"../../../Engine/Content/VREditor/TransformGizmo/PlaneTranslationHandle.ubulk" 37
"../../../Engine/Content/VREditor/TransformGizmo/PlaneTranslationHandle.uasset" 38
"../../../Engine/Content/VREditor/TransformGizmo/PlaneTranslationHandle.uexp" 39
"../../../Engine/Content/VREditor/TransformGizmo/BoundingBoxCorner.ubulk" 40
"../../../Engine/Content/VREditor/TransformGizmo/BoundingBoxCorner.uasset" 41
"../../../Engine/Content/VREditor/TransformGizmo/BoundingBoxCorner.uexp" 42
"../../../Engine/Content/VREditor/TransformGizmo/BoundingBoxEdge.ubulk" 43
"../../../Engine/Content/VREditor/TransformGizmo/BoundingBoxEdge.uasset" 44
"../../../Engine/Content/VREditor/TransformGizmo/BoundingBoxEdge.uexp" 45
"../../../Engine/Content/VREditor/TransformGizmo/Main.uasset" 46
"../../../Engine/Content/VREditor/TransformGizmo/Main.uexp" 47
"../../../Engine/Content/VREditor/TransformGizmo/Xray.uasset" 48
"../../../Engine/Content/VREditor/TransformGizmo/Xray.uexp" 49
"../../../Engine/Content/VREditor/TransformGizmo/SM_Sequencer_Node.ubulk" 50
"../../../Engine/Content/VREditor/TransformGizmo/SM_Sequencer_Node.uasset" 51
"../../../Engine/Content/VREditor/TransformGizmo/SM_Sequencer_Node.uexp" 52
"../../../Engine/Content/EditorMaterials/Camera/CineMat.uasset" 53
"../../../Engine/Content/EditorMaterials/Camera/CineMat.uexp" 54
"../../../Engine/Content/EditorMaterials/Camera/MI_CineMat_Rig.uasset" 55
"../../../Engine/Content/EditorMaterials/Camera/MI_CineMat_Rig.uexp" 56
"../../../Engine/Content/EditorMeshes/Camera/SM_CraneRig_Base.ubulk" 57
"../../../Engine/Content/EditorMeshes/Camera/SM_CraneRig_Base.uasset" 58
"../../../Engine/Content/EditorMeshes/Camera/SM_CraneRig_Base.uexp" 59
"../../../Engine/Content/EditorMeshes/Camera/SM_CraneRig_Arm.ubulk" 60
"../../../Engine/Content/EditorMeshes/Camera/SM_CraneRig_Arm.uasset" 61
"../../../Engine/Content/EditorMeshes/Camera/SM_CraneRig_Arm.uexp" 62
"../../../Engine/Content/EditorMeshes/Camera/SM_CraneRig_Mount.ubulk" 63
"../../../Engine/Content/EditorMeshes/Camera/SM_CraneRig_Mount.uasset" 64
"../../../Engine/Content/EditorMeshes/Camera/SM_CraneRig_Mount.uexp" 65
"../../../Engine/Content/EditorMeshes/Camera/SM_CraneRig_Body.ubulk" 66
"../../../Engine/Content/EditorMeshes/Camera/SM_CraneRig_Body.uasset" 67
"../../../Engine/Content/EditorMeshes/Camera/SM_CraneRig_Body.uexp" 68
"../../../Engine/Content/EditorMeshes/Camera/SM_RailRig_Track.ubulk" 69
"../../../Engine/Content/EditorMeshes/Camera/SM_RailRig_Track.uasset" 70
"../../../Engine/Content/EditorMeshes/Camera/SM_RailRig_Track.uexp" 71
"../../../Engine/Content/EditorMeshes/Camera/SM_RailRig_Mount.ubulk" 72
"../../../Engine/Content/EditorMeshes/Camera/SM_RailRig_Mount.uasset" 73
"../../../Engine/Content/EditorMeshes/Camera/SM_RailRig_Mount.uexp" 74
"../../../Engine/Content/EngineMaterials/T_Default_Material_Grid_M.ubulk" 75
"../../../Engine/Content/EngineMaterials/T_Default_Material_Grid_M.uasset" 76
"../../../Engine/Content/EngineMaterials/T_Default_Material_Grid_M.uexp" 77
"../../../Engine/Content/EngineMaterials/T_Default_Material_Grid_N.ubulk" 78
"../../../Engine/Content/EngineMaterials/T_Default_Material_Grid_N.uasset" 79
"../../../Engine/Content/EngineMaterials/T_Default_Material_Grid_N.uexp" 80
"../../../Engine/Content/Functions/Engine_MaterialFunctions01/Opacity/CameraDepthFade.uasset" 81
"../../../Engine/Content/Functions/Engine_MaterialFunctions01/Opacity/CameraDepthFade.uexp" 82
"../../../Engine/Content/EngineMaterials/WorldGridMaterial.uasset" 83
"../../../Engine/Content/EngineMaterials/WorldGridMaterial.uexp" 84
"../../../Engine/Content/ArtTools/RenderToTexture/Meshes/S_1_Unit_Plane.ubulk" 85
"../../../Engine/Content/ArtTools/RenderToTexture/Meshes/S_1_Unit_Plane.uasset" 86
"../../../Engine/Content/ArtTools/RenderToTexture/Meshes/S_1_Unit_Plane.uexp" 87
"../../../Engine/Content/EditorMaterials/ParticleSystems/PSysThumbnail_NoImage.ubulk" 88
"../../../Engine/Content/EditorMaterials/ParticleSystems/PSysThumbnail_NoImage.uasset" 89
"../../../Engine/Content/EditorMaterials/ParticleSystems/PSysThumbnail_NoImage.uexp" 90
"../../../Engine/Content/EditorMaterials/ParticleSystems/PSysThumbnail_OOD.ubulk" 91
"../../../Engine/Content/EditorMaterials/ParticleSystems/PSysThumbnail_OOD.uasset" 92
"../../../Engine/Content/EditorMaterials/ParticleSystems/PSysThumbnail_OOD.uexp" 93
"../../../Engine/Content/EditorLandscapeResources/SplineEditorMeshMat.uasset" 94
"../../../Engine/Content/EditorLandscapeResources/SplineEditorMeshMat.uexp" 95
"../../../Engine/Content/EditorLandscapeResources/SplineEditorMesh.ubulk" 96
"../../../Engine/Content/EditorLandscapeResources/SplineEditorMesh.uasset" 97
"../../../Engine/Content/EditorLandscapeResources/SplineEditorMesh.uexp" 98
"../../../Engine/Content/EditorResources/S_Solver.ubulk" 99
"../../../Engine/Content/EditorResources/S_Solver.uasset" 100
"../../../Engine/Content/EditorResources/S_Solver.uexp" 101
"../../../Engine/Plugins/Media/MediaPlate/Content/SM_MediaPlateScreen.ubulk" 102
"../../../Engine/Plugins/Media/MediaPlate/Content/SM_MediaPlateScreen.uasset" 103
"../../../Engine/Plugins/Media/MediaPlate/Content/SM_MediaPlateScreen.uexp" 104
"../../../Engine/Content/EngineMaterials/Good64x64TilingNoiseHighFreq.uasset" 105
"../../../Engine/Content/EngineMaterials/Good64x64TilingNoiseHighFreq.uexp" 106
"../../../Engine/Content/EngineMaterials/DefaultBokeh.uasset" 107
"../../../Engine/Content/EngineMaterials/DefaultBokeh.uexp" 108
"../../../Engine/Content/EngineMaterials/PreintegratedSkinBRDF.uasset" 109
"../../../Engine/Content/EngineMaterials/PreintegratedSkinBRDF.uexp" 110
"../../../Engine/Content/EngineMaterials/MiniFont.uasset" 111
"../../../Engine/Content/EngineMaterials/MiniFont.uexp" 112
"../../../Engine/Content/EngineMaterials/WeightMapPlaceholderTexture.uasset" 113
"../../../Engine/Content/EngineMaterials/WeightMapPlaceholderTexture.uexp" 114
"../../../Engine/Content/EngineMaterials/DefaultWhiteGrid.ubulk" 115
"../../../Engine/Content/EngineMaterials/DefaultWhiteGrid.uasset" 116
"../../../Engine/Content/EngineMaterials/DefaultWhiteGrid.uexp" 117
"../../../Engine/Content/Animation/DefaultRecorderBoneCompression.uasset" 118
"../../../Engine/Content/Animation/DefaultRecorderBoneCompression.uexp" 119
"../../../Engine/Content/Animation/DefaultAnimCurveCompressionSettings.uasset" 120
"../../../Engine/Content/Animation/DefaultAnimCurveCompressionSettings.uexp" 121
"../../../Engine/Content/Animation/DefaultAnimBoneCompressionSettings.uasset" 122
"../../../Engine/Content/Animation/DefaultAnimBoneCompressionSettings.uexp" 123
"../../../Engine/Content/EngineMaterials/DefaultMaterial.uasset" 124
"../../../Engine/Content/EngineMaterials/DefaultMaterial.uexp" 125
"../../../Engine/Content/BasicShapes/Sphere.ubulk" 126
"../../../Engine/Content/BasicShapes/Sphere.uasset" 127
"../../../Engine/Content/BasicShapes/Sphere.uexp" 128
"../../../Engine/Content/BasicShapes/Cylinder.ubulk" 129
"../../../Engine/Content/BasicShapes/Cylinder.uasset" 130
"../../../Engine/Content/BasicShapes/Cylinder.uexp" 131
"../../../Engine/Content/BasicShapes/Cone.ubulk" 132
"../../../Engine/Content/BasicShapes/Cone.uasset" 133
"../../../Engine/Content/BasicShapes/Cone.uexp" 134
"../../../Engine/Content/EditorLandscapeResources/DefaultAlphaTexture.uasset" 135
"../../../Engine/Content/EditorLandscapeResources/DefaultAlphaTexture.uexp" 136
"../../../Engine/Content/EditorLandscapeResources/DataLayer.uasset" 137
"../../../Engine/Content/EditorLandscapeResources/DataLayer.uexp" 138
"../../../Engine/Content/EditorMaterials/PreviewShadowIndicator.ubulk" 139
"../../../Engine/Content/EditorMaterials/PreviewShadowIndicator.uasset" 140
"../../../Engine/Content/EditorMaterials/PreviewShadowIndicator.uexp" 141
"../../../Engine/Content/EditorMaterials/PreviewShadowIndicatorMaterial.uasset" 142
"../../../Engine/Content/EditorMaterials/PreviewShadowIndicatorMaterial.uexp" 143
"../../../Engine/Content/EditorMaterials/PhAT_UnselectedMaterial.uasset" 144
"../../../Engine/Content/EditorMaterials/PhAT_UnselectedMaterial.uexp" 145
"../../../Engine/Content/EditorMaterials/PhAT_NoCollisionMaterial.uasset" 146
"../../../Engine/Content/EditorMaterials/PhAT_NoCollisionMaterial.uexp" 147
"../../../Engine/Plugins/Interchange/Runtime/Content/Pipelines/DefaultSceneAssetsPipeline.uasset" 148
"../../../Engine/Plugins/Interchange/Runtime/Content/Pipelines/DefaultSceneAssetsPipeline.uexp" 149
"../../../Engine/Content/Functions/Engine_MaterialFunctions02/Utility/MakeFloat4.uasset" 150
"../../../Engine/Content/Functions/Engine_MaterialFunctions02/Utility/MakeFloat4.uexp" 151
"../../../Engine/Content/Functions/Engine_MaterialFunctions02/Utility/MakeFloat3.uasset" 152
"../../../Engine/Content/Functions/Engine_MaterialFunctions02/Utility/MakeFloat3.uexp" 153
"../../../Engine/Content/Functions/Engine_MaterialFunctions02/Utility/BreakOutFloat3Components.uasset" 154
"../../../Engine/Content/Functions/Engine_MaterialFunctions02/Utility/BreakOutFloat3Components.uexp" 155
"../../../Engine/Content/EditorMaterials/WorldPartition/WorldPartitionSpatialHashGridPreviewMaterial.uasset" 156
"../../../Engine/Content/EditorMaterials/WorldPartition/WorldPartitionSpatialHashGridPreviewMaterial.uexp" 157
"../../../Engine/Content/EditorResources/S_Terrain.ubulk" 158
"../../../Engine/Content/EditorResources/S_Terrain.uasset" 159
"../../../Engine/Content/EditorResources/S_Terrain.uexp" 160
"../../../Engine/Content/EditorResources/EmptyActor.uasset" 161
"../../../Engine/Content/EditorResources/EmptyActor.uexp" 162
"../../../Engine/Content/EditorResources/BSPVertex.uasset" 163
"../../../Engine/Content/EditorResources/BSPVertex.uexp" 164
"../../../Engine/Content/EditorResources/SequenceRecorder/RecordingIndicator.uasset" 165
"../../../Engine/Content/EditorResources/SequenceRecorder/RecordingIndicator.uexp" 166
"../../../Engine/Content/EditorResources/SequenceRecorder/Countdown.uasset" 167
"../../../Engine/Content/EditorResources/SequenceRecorder/Countdown.uexp" 168
"../../../Engine/Content/EngineDamageTypes/DmgTypeBP_Environmental.uasset" 169
"../../../Engine/Content/EngineDamageTypes/DmgTypeBP_Environmental.uexp" 170
"../../../Engine/Content/Functions/Engine_MaterialFunctions02/Utility/CameraDirectionVector.uasset" 171
"../../../Engine/Content/Functions/Engine_MaterialFunctions02/Utility/CameraDirectionVector.uexp" 172
"../../../Engine/Content/EngineDebugMaterials/VolumeToRender.uasset" 173
"../../../Engine/Content/EngineDebugMaterials/VolumeToRender.uexp" 174
"../../../Engine/Content/EngineDebugMaterials/M_VolumeRenderSphereTracePP.uasset" 175
"../../../Engine/Content/EngineDebugMaterials/M_VolumeRenderSphereTracePP.uexp" 176
"../../../Engine/Content/EngineDebugMaterials/M_SimpleUnlitTranslucent.uasset" 177
"../../../Engine/Content/EngineDebugMaterials/M_SimpleUnlitTranslucent.uexp" 178
"../../../Engine/Content/EngineDebugMaterials/DebugMeshMaterial.uasset" 179
"../../../Engine/Content/EngineDebugMaterials/DebugMeshMaterial.uexp" 180
"../../../Engine/Content/EngineDebugMaterials/DebugEditorMaterial.uasset" 181
"../../../Engine/Content/EngineDebugMaterials/DebugEditorMaterial.uexp" 182
"../../../Engine/Content/EngineFonts/Faces/RobotoLight.uexp" 183
"../../../Engine/Content/EngineFonts/Faces/RobotoLight.uasset" 184
"../../../Engine/Content/EngineFonts/Faces/RobotoLight.ufont" 185
"../../../Engine/Content/EngineFonts/Faces/RobotoBold.uexp" 186
"../../../Engine/Content/EngineFonts/Faces/RobotoBold.uasset" 187
"../../../Engine/Content/EngineFonts/Faces/RobotoBold.ufont" 188
"../../../Engine/Content/EngineFonts/Faces/RobotoRegular.uexp" 189
"../../../Engine/Content/EngineFonts/Faces/RobotoRegular.uasset" 190
"../../../Engine/Content/EngineFonts/Faces/RobotoRegular.ufont" 191
"../../../Engine/Content/EngineFonts/Faces/DroidSansFallback.uexp" 192
"../../../Engine/Content/EngineFonts/Faces/DroidSansFallback.uasset" 193
"../../../Engine/Content/EngineFonts/Faces/DroidSansFallback.ufont" 194
"../../../Engine/Content/EngineFonts/Faces/RobotoItalic.uexp" 195
"../../../Engine/Content/EngineFonts/Faces/RobotoItalic.uasset" 196
"../../../Engine/Content/EngineFonts/Faces/RobotoItalic.ufont" 197
"../../../Engine/Content/EngineFonts/Faces/RobotoBoldItalic.uexp" 198
"../../../Engine/Content/EngineFonts/Faces/RobotoBoldItalic.uasset" 199
"../../../Engine/Content/EngineFonts/Faces/RobotoBoldItalic.ufont" 200
"../../../Engine/Content/EngineFonts/Roboto.uasset" 201
"../../../Engine/Content/EngineFonts/Roboto.uexp" 202
"../../../Engine/Content/EngineResources/WhiteSquareTexture.uasset" 203
"../../../Engine/Content/EngineResources/WhiteSquareTexture.uexp" 204
"../../../Engine/Content/EngineMaterials/Widget3DPassThrough.uasset" 205
"../../../Engine/Content/EngineMaterials/Widget3DPassThrough.uexp" 206
"../../../Engine/Content/EngineMaterials/Widget3DPassThrough_Translucent.uasset" 207
"../../../Engine/Content/EngineMaterials/Widget3DPassThrough_Translucent.uexp" 208
"../../../Engine/Content/EngineMaterials/Widget3DPassThrough_Translucent_OneSided.uasset" 209
"../../../Engine/Content/EngineMaterials/Widget3DPassThrough_Translucent_OneSided.uexp" 210
"../../../Engine/Content/EngineMaterials/Widget3DPassThrough_Opaque.uasset" 211
"../../../Engine/Content/EngineMaterials/Widget3DPassThrough_Opaque.uexp" 212
"../../../Engine/Content/EngineMaterials/Widget3DPassThrough_Opaque_OneSided.uasset" 213
"../../../Engine/Content/EngineMaterials/Widget3DPassThrough_Opaque_OneSided.uexp" 214
"../../../Engine/Content/EngineMaterials/Widget3DPassThrough_Masked_OneSided.uasset" 215
"../../../Engine/Content/EngineMaterials/Widget3DPassThrough_Masked_OneSided.uexp" 216
"../../../Engine/Content/EngineMaterials/Widget3DPassThrough_Masked.uasset" 217
"../../../Engine/Content/EngineMaterials/Widget3DPassThrough_Masked.uexp" 218
"../../../Engine/Plugins/Interchange/Runtime/Content/gltf/Textures/T_Gray_Linear.uasset" 219
"../../../Engine/Plugins/Interchange/Runtime/Content/gltf/Textures/T_Gray_Linear.uexp" 220
"../../../Engine/Content/EngineMaterials/STBlueNoise_vec2_128x128x64.uasset" 221
"../../../Engine/Content/EngineMaterials/STBlueNoise_vec2_128x128x64.uexp" 222
"../../../Engine/Content/EngineMaterials/STBlueNoise_scalar_128x128x64.uasset" 223
"../../../Engine/Content/EngineMaterials/STBlueNoise_scalar_128x128x64.uexp" 224
"../../../Engine/Content/EngineMaterials/RemoveSurfaceMaterial.uasset" 225
"../../../Engine/Content/EngineMaterials/RemoveSurfaceMaterial.uexp" 226
"../../../Engine/Plugins/Interchange/Runtime/Content/gltf/Textures/T_Black_srgb.uasset" 227
"../../../Engine/Plugins/Interchange/Runtime/Content/gltf/Textures/T_Black_srgb.uexp" 228
"../../../Engine/Content/EngineMaterials/DefaultCalibrationGrayscale.uasset" 229
"../../../Engine/Content/EngineMaterials/DefaultCalibrationGrayscale.uexp" 230
"../../../Engine/Content/EngineMaterials/PPM_DefaultCalibrationGrayscale.uasset" 231
"../../../Engine/Content/EngineMaterials/PPM_DefaultCalibrationGrayscale.uexp" 232
"../../../Engine/Content/EngineMaterials/DefaultCalibrationColor.uasset" 233
"../../../Engine/Content/EngineMaterials/DefaultCalibrationColor.uexp" 234
"../../../Engine/Content/EngineMaterials/PPM_DefaultCalibrationColor.uasset" 235
"../../../Engine/Content/EngineMaterials/PPM_DefaultCalibrationColor.uexp" 236
"../../../Engine/Content/Functions/Engine_MaterialFunctions02/WorldPositionOffset/CameraOffset.uasset" 237
"../../../Engine/Content/Functions/Engine_MaterialFunctions02/WorldPositionOffset/CameraOffset.uexp" 238
"../../../Engine/Content/EngineMaterials/PhAT_JointLimitMaterial.uasset" 239
"../../../Engine/Content/EngineMaterials/PhAT_JointLimitMaterial.uexp" 240
"../../../Engine/Content/EngineMaterials/InvalidLightmapSettings.ubulk" 241
"../../../Engine/Content/EngineMaterials/InvalidLightmapSettings.uasset" 242
"../../../Engine/Content/EngineMaterials/InvalidLightmapSettings.uexp" 243
"../../../Engine/Content/EngineMaterials/M_InvalidLightmapSettings.uasset" 244
"../../../Engine/Content/EngineMaterials/M_InvalidLightmapSettings.uexp" 245
"../../../Engine/Plugins/Interchange/Runtime/Content/Pipelines/DefaultTexturePipeline.uasset" 246
"../../../Engine/Plugins/Interchange/Runtime/Content/Pipelines/DefaultTexturePipeline.uexp" 247
"../../../Engine/Content/EngineMaterials/DefaultNormal.ubulk" 248
"../../../Engine/Content/EngineMaterials/DefaultNormal.uasset" 249
"../../../Engine/Content/EngineMaterials/DefaultNormal.uexp" 250
"../../../Engine/Plugins/Interchange/Runtime/Content/Materials/MapOrScalarFunction.uasset" 251
"../../../Engine/Plugins/Interchange/Runtime/Content/Materials/MapOrScalarFunction.uexp" 252
"../../../Engine/Plugins/Interchange/Runtime/Content/Materials/MapOrLinearColorFunction.uasset" 253
"../../../Engine/Plugins/Interchange/Runtime/Content/Materials/MapOrLinearColorFunction.uexp" 254
"../../../Engine/Plugins/Interchange/Runtime/Content/Materials/MapOrColorFunction.uasset" 255
"../../../Engine/Plugins/Interchange/Runtime/Content/Materials/MapOrColorFunction.uexp" 256
"../../../Engine/Content/EngineMaterials/BaseFlattenLinearColor.uasset" 257
"../../../Engine/Content/EngineMaterials/BaseFlattenLinearColor.uexp" 258
"../../../Engine/Plugins/Interchange/Runtime/Content/Materials/CommonMaterial.uasset" 259
"../../../Engine/Plugins/Interchange/Runtime/Content/Materials/CommonMaterial.uexp" 260
"../../../Engine/Plugins/Interchange/Runtime/Content/Materials/PBRSurfaceFunction.uasset" 261
"../../../Engine/Plugins/Interchange/Runtime/Content/Materials/PBRSurfaceFunction.uexp" 262
"../../../Engine/Plugins/Interchange/Runtime/Content/Materials/ThinTranslucentMaterial.uasset" 263
"../../../Engine/Plugins/Interchange/Runtime/Content/Materials/ThinTranslucentMaterial.uexp" 264
"../../../Engine/Content/EngineMaterials/GizmoMaterial.uasset" 265
"../../../Engine/Content/EngineMaterials/GizmoMaterial.uexp" 266
"../../../Engine/Content/EngineMaterials/BaseFlattenEmissiveMap_VT.uasset" 267
"../../../Engine/Content/EngineMaterials/BaseFlattenEmissiveMap_VT.uexp" 268
"../../../Engine/Content/EngineMaterials/BaseFlattenGrayscaleMap_VT.uasset" 269
"../../../Engine/Content/EngineMaterials/BaseFlattenGrayscaleMap_VT.uexp" 270
"../../../Engine/Content/EngineMaterials/BaseFlattenLinearColor_VT.uasset" 271
"../../../Engine/Content/EngineMaterials/BaseFlattenLinearColor_VT.uexp" 272
"../../../Engine/Content/EngineMaterials/Black_1x1_EXR_Texture_VT.uasset" 273
"../../../Engine/Content/EngineMaterials/Black_1x1_EXR_Texture_VT.uexp" 274
"../../../Engine/Content/EngineMaterials/BaseFlattenDiffuseMap_VT.uasset" 275
"../../../Engine/Content/EngineMaterials/BaseFlattenDiffuseMap_VT.uexp" 276
"../../../Engine/Content/EngineMaterials/BaseFlattenNormalMap_VT.uasset" 277
"../../../Engine/Content/EngineMaterials/BaseFlattenNormalMap_VT.uexp" 278
"../../../Engine/Content/EngineMaterials/FlattenMaterial_WS_Normal_VT.uasset" 279
"../../../Engine/Content/EngineMaterials/FlattenMaterial_WS_Normal_VT.uexp" 280
"../../../Engine/Content/EngineMaterials/FlattenMaterial_VT.uasset" 281
"../../../Engine/Content/EngineMaterials/FlattenMaterial_VT.uexp" 282
"../../../Engine/Content/EngineMaterials/BaseFlattenNormalMap.uasset" 283
"../../../Engine/Content/EngineMaterials/BaseFlattenNormalMap.uexp" 284
"../../../Engine/Content/EngineMaterials/BaseFlattenGrayscaleMap.uasset" 285
"../../../Engine/Content/EngineMaterials/BaseFlattenGrayscaleMap.uexp" 286
"../../../Engine/Content/EngineMaterials/BaseFlattenDiffuseMap.uasset" 287
"../../../Engine/Content/EngineMaterials/BaseFlattenDiffuseMap.uexp" 288
"../../../Engine/Content/Functions/Engine_MaterialFunctions02/PivotPainter2/Black_1x1_EXR_Texture.uasset" 289
"../../../Engine/Content/Functions/Engine_MaterialFunctions02/PivotPainter2/Black_1x1_EXR_Texture.uexp" 290
"../../../Engine/Content/EngineMaterials/BaseFlattenEmissiveMap.uasset" 291
"../../../Engine/Content/EngineMaterials/BaseFlattenEmissiveMap.uexp" 292
"../../../Engine/Content/EngineMaterials/FlattenMaterial.uasset" 293
"../../../Engine/Content/EngineMaterials/FlattenMaterial.uexp" 294
"../../../Engine/Content/EngineMaterials/DefaultWhiteGrid_Low.uasset" 295
"../../../Engine/Content/EngineMaterials/DefaultWhiteGrid_Low.uexp" 296
"../../../Engine/Content/EngineMaterials/EmissiveMeshMaterial.uasset" 297
"../../../Engine/Content/EngineMaterials/EmissiveMeshMaterial.uexp" 298
"../../../Engine/Plugins/Interchange/Runtime/Content/Pipelines/DefaultSceneLevelPipeline.uasset" 299
"../../../Engine/Plugins/Interchange/Runtime/Content/Pipelines/DefaultSceneLevelPipeline.uexp" 300
"../../../Engine/Content/EngineFonts/RobotoDistanceField.uasset" 301
"../../../Engine/Content/EngineFonts/RobotoDistanceField.uexp" 302
"../../../Engine/Content/EngineMaterials/DefaultTextMaterialOpaque.uasset" 303
"../../../Engine/Content/EngineMaterials/DefaultTextMaterialOpaque.uexp" 304
"../../../Engine/Content/EngineMaterials/DefaultDiffuse.ubulk" 305
"../../../Engine/Content/EngineMaterials/DefaultDiffuse.uasset" 306
"../../../Engine/Content/EngineMaterials/DefaultDiffuse.uexp" 307
"../../../Engine/Content/Functions/Engine_MaterialFunctions02/Utility/BreakOutFloat2Components.uasset" 308
"../../../Engine/Content/Functions/Engine_MaterialFunctions02/Utility/BreakOutFloat2Components.uexp" 309
"../../../Engine/Content/EngineMaterials/DefaultPostProcessMaterial.uasset" 310
"../../../Engine/Content/EngineMaterials/DefaultPostProcessMaterial.uexp" 311
"../../../Engine/Content/EngineMaterials/DefaultPhysicalMaterial.uasset" 312
"../../../Engine/Content/EngineMaterials/DefaultPhysicalMaterial.uexp" 313
"../../../Engine/Content/EngineMaterials/DefaultLightFunctionMaterial.uasset" 314
"../../../Engine/Content/EngineMaterials/DefaultLightFunctionMaterial.uexp" 315
"../../../Engine/Plugins/Runtime/MeshModelingToolset/Content/Materials/M_DynamicMeshComponentVtxColor.uasset" 316
"../../../Engine/Plugins/Runtime/MeshModelingToolset/Content/Materials/M_DynamicMeshComponentVtxColor.uexp" 317
"../../../Engine/Content/EngineMaterials/DefaultDestructiblePhysicalMaterial.uasset" 318
"../../../Engine/Content/EngineMaterials/DefaultDestructiblePhysicalMaterial.uexp" 319
"../../../Engine/Content/EngineMaterials/DefaultDeferredDecalMaterial.uasset" 320
"../../../Engine/Content/EngineMaterials/DefaultDeferredDecalMaterial.uexp" 321
"../../../Engine/Plugins/Interchange/Runtime/Content/Materials/UnlitMaterial.uasset" 322
"../../../Engine/Plugins/Interchange/Runtime/Content/Materials/UnlitMaterial.uexp" 323
"../../../Engine/Content/EngineMaterials/DefaultBloomKernel.uasset" 324
"../../../Engine/Content/EngineMaterials/DefaultBloomKernel.uexp" 325
"../../../Engine/Plugins/Interchange/Runtime/Content/Materials/SubsurfaceMaterial.uasset" 326
"../../../Engine/Plugins/Interchange/Runtime/Content/Materials/SubsurfaceMaterial.uexp" 327
"../../../Engine/Plugins/Interchange/Runtime/Content/Materials/SheenMaterial.uasset" 328
"../../../Engine/Plugins/Interchange/Runtime/Content/Materials/SheenMaterial.uexp" 329
"../../../Engine/Content/Functions/Engine_MaterialFunctions01/Shading/ConvertFromDiffSpec.uasset" 330
"../../../Engine/Content/Functions/Engine_MaterialFunctions01/Shading/ConvertFromDiffSpec.uexp" 331
"../../../Engine/Plugins/Interchange/Runtime/Content/Materials/PhongSurfaceMaterial.uasset" 332
"../../../Engine/Plugins/Interchange/Runtime/Content/Materials/PhongSurfaceMaterial.uexp" 333
"../../../Engine/Plugins/Interchange/Runtime/Content/Materials/PBRSurfaceMaterial.uasset" 334
"../../../Engine/Plugins/Interchange/Runtime/Content/Materials/PBRSurfaceMaterial.uexp" 335
"../../../Engine/Plugins/Interchange/Runtime/Content/Materials/LambertSurfaceMaterial.uasset" 336
"../../../Engine/Plugins/Interchange/Runtime/Content/Materials/LambertSurfaceMaterial.uexp" 337
"../../../Engine/Content/EngineMaterials/FlatNormal.uasset" 338
"../../../Engine/Content/EngineMaterials/FlatNormal.uexp" 339
"../../../Engine/Plugins/Interchange/Runtime/Content/Functions/MF_OrenNayerView.uasset" 340
"../../../Engine/Plugins/Interchange/Runtime/Content/Functions/MF_OrenNayerView.uexp" 341
"../../../Engine/Content/EditorLandscapeResources/WhiteSquareTexture.uasset" 342
"../../../Engine/Content/EditorLandscapeResources/WhiteSquareTexture.uexp" 343
"../../../Engine/Plugins/Interchange/Runtime/Content/Functions/MF_SchlickApprox.uasset" 344
"../../../Engine/Plugins/Interchange/Runtime/Content/Functions/MF_SchlickApprox.uexp" 345
"../../../Engine/Plugins/Interchange/Runtime/Content/Utilities/New_LUT.uasset" 346
"../../../Engine/Plugins/Interchange/Runtime/Content/Utilities/New_LUT.uexp" 347
"../../../Engine/Content/Functions/Engine_MaterialFunctions03/Math/RemapValueRange.uasset" 348
"../../../Engine/Content/Functions/Engine_MaterialFunctions03/Math/RemapValueRange.uexp" 349
"../../../Engine/Plugins/Interchange/Runtime/Content/Functions/MF_Iridescence.uasset" 350
"../../../Engine/Plugins/Interchange/Runtime/Content/Functions/MF_Iridescence.uexp" 351
"../../../Engine/Plugins/Interchange/Runtime/Content/Materials/OrenNayerMaterial.uasset" 352
"../../../Engine/Plugins/Interchange/Runtime/Content/Materials/OrenNayerMaterial.uexp" 353
"../../../Engine/Plugins/Interchange/Runtime/Content/Materials/ClearCoatMaterial.uasset" 354
"../../../Engine/Plugins/Interchange/Runtime/Content/Materials/ClearCoatMaterial.uexp" 355
"../../../Engine/Content/EngineResources/FilmGrains/Marcie_Grain_v3_128_M2_000.uasset" 356
"../../../Engine/Content/EngineResources/FilmGrains/Marcie_Grain_v3_128_M2_000.uexp" 357
"../../../Engine/Content/EngineSky/VolumetricClouds/CloudWeatherTexture.uasset" 358
"../../../Engine/Content/EngineSky/VolumetricClouds/CloudWeatherTexture.uexp" 359
"../../../Engine/Content/Functions/Engine_MaterialFunctions02/Utility/MakeFloat2.uasset" 360
"../../../Engine/Content/Functions/Engine_MaterialFunctions02/Utility/MakeFloat2.uexp" 361
"../../../Engine/Content/EngineSky/VolumetricClouds/CloudGradientTexture.uasset" 362
"../../../Engine/Content/EngineSky/VolumetricClouds/CloudGradientTexture.uexp" 363
"../../../Engine/Content/EngineSky/VolumetricClouds/T_NoiseShape64.ubulk" 364
"../../../Engine/Content/EngineSky/VolumetricClouds/T_NoiseShape64.uasset" 365
"../../../Engine/Content/EngineSky/VolumetricClouds/T_NoiseShape64.uexp" 366
"../../../Engine/Content/EngineSky/VolumetricClouds/T_VolumeNoiseShape64.uasset" 367
"../../../Engine/Content/EngineSky/VolumetricClouds/T_VolumeNoiseShape64.uexp" 368
"../../../Engine/Content/EngineSky/VolumetricClouds/T_NoiseErosion.ubulk" 369
"../../../Engine/Content/EngineSky/VolumetricClouds/T_NoiseErosion.uasset" 370
"../../../Engine/Content/EngineSky/VolumetricClouds/T_NoiseErosion.uexp" 371
"../../../Engine/Content/EngineSky/VolumetricClouds/T_VolumeNoiseErosion32.uasset" 372
"../../../Engine/Content/EngineSky/VolumetricClouds/T_VolumeNoiseErosion32.uexp" 373
"../../../Engine/Content/EngineSky/VolumetricClouds/m_SimpleVolumetricCloud.uasset" 374
"../../../Engine/Content/EngineSky/VolumetricClouds/m_SimpleVolumetricCloud.uexp" 375
"../../../Engine/Content/EngineSky/VolumetricClouds/m_SimpleVolumetricCloud_Inst.uasset" 376
"../../../Engine/Content/EngineSky/VolumetricClouds/m_SimpleVolumetricCloud_Inst.uexp" 377
"../../../Engine/Content/EngineSounds/Master.uasset" 378
"../../../Engine/Content/EngineSounds/Master.uexp" 379
"../../../Engine/Content/Functions/Engine_MaterialFunctions01/Shading/PowerToRoughness.uasset" 380
"../../../Engine/Content/Functions/Engine_MaterialFunctions01/Shading/PowerToRoughness.uexp" 381
"../../../Engine/Content/MobileResources/HUD/VirtualJoystick_Background.uasset" 382
"../../../Engine/Content/MobileResources/HUD/VirtualJoystick_Background.uexp" 383
"../../../Engine/Content/MobileResources/HUD/VirtualJoystick_Thumb.uasset" 384
"../../../Engine/Content/MobileResources/HUD/VirtualJoystick_Thumb.uexp" 385
"../../../Engine/Content/MobileResources/HUD/DefaultVirtualJoysticks.uasset" 386
"../../../Engine/Content/MobileResources/HUD/DefaultVirtualJoysticks.uexp" 387
"../../../Engine/Plugins/2D/Paper2D/Content/PlaceholderTextures/DummySpriteTexture.ubulk" 388
"../../../Engine/Plugins/2D/Paper2D/Content/PlaceholderTextures/DummySpriteTexture.uasset" 389
"../../../Engine/Plugins/2D/Paper2D/Content/PlaceholderTextures/DummySpriteTexture.uexp" 390
"../../../Engine/Plugins/2D/Paper2D/Content/DefaultSpriteMaterial.uasset" 391
"../../../Engine/Plugins/2D/Paper2D/Content/DefaultSpriteMaterial.uexp" 392
"../../../Engine/Plugins/2D/Paper2D/Content/OpaqueUnlitSpriteMaterial.uasset" 393
"../../../Engine/Plugins/2D/Paper2D/Content/OpaqueUnlitSpriteMaterial.uexp" 394
"../../../Engine/Plugins/2D/Paper2D/Content/MaskedUnlitSpriteMaterial.uasset" 395
"../../../Engine/Plugins/2D/Paper2D/Content/MaskedUnlitSpriteMaterial.uexp" 396
"../../../Engine/Plugins/2D/Paper2D/Content/DummySprite.uasset" 397
"../../../Engine/Plugins/2D/Paper2D/Content/DummySprite.uexp" 398
"../../../Engine/Plugins/2D/Paper2D/Content/DefaultPaperTerrainMaterial.uasset" 399
"../../../Engine/Plugins/2D/Paper2D/Content/DefaultPaperTerrainMaterial.uexp" 400
"../../../Engine/Plugins/Animation/ControlRig/Content/M_Manip.uasset" 401
"../../../Engine/Plugins/Animation/ControlRig/Content/M_Manip.uexp" 402
"../../../Engine/Plugins/Animation/ControlRig/Content/Controls/DefaultGizmoLibraryNormalized.uasset" 403
"../../../Engine/Plugins/Animation/ControlRig/Content/Controls/DefaultGizmoLibraryNormalized.uexp" 404
"../../../Engine/Plugins/Animation/ControlRig/Content/Controls/ControlRig_Wedge_solid.ubulk" 405
"../../../Engine/Plugins/Animation/ControlRig/Content/Controls/ControlRig_Wedge_solid.uasset" 406
"../../../Engine/Plugins/Animation/ControlRig/Content/Controls/ControlRig_Wedge_solid.uexp" 407
"../../../Engine/Plugins/Animation/ControlRig/Content/Controls/ControlRig_Wedge_3mm.ubulk" 408
"../../../Engine/Plugins/Animation/ControlRig/Content/Controls/ControlRig_Wedge_3mm.uasset" 409
"../../../Engine/Plugins/Animation/ControlRig/Content/Controls/ControlRig_Wedge_3mm.uexp" 410
"../../../Engine/Plugins/Animation/ControlRig/Content/Controls/ControlRig_Wedge_1mm.ubulk" 411
"../../../Engine/Plugins/Animation/ControlRig/Content/Controls/ControlRig_Wedge_1mm.uasset" 412
"../../../Engine/Plugins/Animation/ControlRig/Content/Controls/ControlRig_Wedge_1mm.uexp" 413
"../../../Engine/Plugins/Animation/ControlRig/Content/Controls/ControlRig_Triangle_solid.ubulk" 414
"../../../Engine/Plugins/Animation/ControlRig/Content/Controls/ControlRig_Triangle_solid.uasset" 415
"../../../Engine/Plugins/Animation/ControlRig/Content/Controls/ControlRig_Triangle_solid.uexp" 416
"../../../Engine/Plugins/Animation/ControlRig/Content/Controls/ControlRig_Triangle_3mm.ubulk" 417
"../../../Engine/Plugins/Animation/ControlRig/Content/Controls/ControlRig_Triangle_3mm.uasset" 418
"../../../Engine/Plugins/Animation/ControlRig/Content/Controls/ControlRig_Triangle_3mm.uexp" 419
"../../../Engine/Plugins/Animation/ControlRig/Content/Controls/ControlRig_Triangle_1mm.ubulk" 420
"../../../Engine/Plugins/Animation/ControlRig/Content/Controls/ControlRig_Triangle_1mm.uasset" 421
"../../../Engine/Plugins/Animation/ControlRig/Content/Controls/ControlRig_Triangle_1mm.uexp" 422
"../../../Engine/Plugins/Animation/ControlRig/Content/Controls/ControlRig_Star4_solid.ubulk" 423
"../../../Engine/Plugins/Animation/ControlRig/Content/Controls/ControlRig_Star4_solid.uasset" 424
"../../../Engine/Plugins/Animation/ControlRig/Content/Controls/ControlRig_Star4_solid.uexp" 425
"../../../Engine/Plugins/Animation/ControlRig/Content/Controls/ControlRig_Star4_3mm.ubulk" 426
"../../../Engine/Plugins/Animation/ControlRig/Content/Controls/ControlRig_Star4_3mm.uasset" 427
"../../../Engine/Plugins/Animation/ControlRig/Content/Controls/ControlRig_Star4_3mm.uexp" 428
"../../../Engine/Plugins/Animation/ControlRig/Content/Controls/ControlRig_Star4_1mm.ubulk" 429
"../../../Engine/Plugins/Animation/ControlRig/Content/Controls/ControlRig_Star4_1mm.uasset" 430
"../../../Engine/Plugins/Animation/ControlRig/Content/Controls/ControlRig_Star4_1mm.uexp" 431
"../../../Engine/Plugins/Animation/ControlRig/Content/Controls/ControlRig_Square_solid.ubulk" 432
"../../../Engine/Plugins/Animation/ControlRig/Content/Controls/ControlRig_Square_solid.uasset" 433
"../../../Engine/Plugins/Animation/ControlRig/Content/Controls/ControlRig_Square_solid.uexp" 434
"../../../Engine/Plugins/Animation/ControlRig/Content/Controls/ControlRig_Square_3mm.ubulk" 435
"../../../Engine/Plugins/Animation/ControlRig/Content/Controls/ControlRig_Square_3mm.uasset" 436
"../../../Engine/Plugins/Animation/ControlRig/Content/Controls/ControlRig_Square_3mm.uexp" 437
"../../../Engine/Plugins/Animation/ControlRig/Content/Controls/ControlRig_Square_1mm.ubulk" 438
"../../../Engine/Plugins/Animation/ControlRig/Content/Controls/ControlRig_Square_1mm.uasset" 439
"../../../Engine/Plugins/Animation/ControlRig/Content/Controls/ControlRig_Square_1mm.uexp" 440
"../../../Engine/Plugins/Animation/ControlRig/Content/Controls/ControlRig_Sphere_solid.ubulk" 441
"../../../Engine/Plugins/Animation/ControlRig/Content/Controls/ControlRig_Sphere_solid.uasset" 442
"../../../Engine/Plugins/Animation/ControlRig/Content/Controls/ControlRig_Sphere_solid.uexp" 443
"../../../Engine/Plugins/Animation/ControlRig/Content/Controls/ControlRig_Sphere_3mm.ubulk" 444
"../../../Engine/Plugins/Animation/ControlRig/Content/Controls/ControlRig_Sphere_3mm.uasset" 445
"../../../Engine/Plugins/Animation/ControlRig/Content/Controls/ControlRig_Sphere_3mm.uexp" 446
"../../../Engine/Plugins/Animation/ControlRig/Content/Controls/ControlRig_Sphere_1mm.ubulk" 447
"../../../Engine/Plugins/Animation/ControlRig/Content/Controls/ControlRig_Sphere_1mm.uasset" 448
"../../../Engine/Plugins/Animation/ControlRig/Content/Controls/ControlRig_Sphere_1mm.uexp" 449
"../../../Engine/Plugins/Animation/ControlRig/Content/Controls/ControlRig_RoundedTriangle_solid.ubulk" 450
"../../../Engine/Plugins/Animation/ControlRig/Content/Controls/ControlRig_RoundedTriangle_solid.uasset" 451
"../../../Engine/Plugins/Animation/ControlRig/Content/Controls/ControlRig_RoundedTriangle_solid.uexp" 452
"../../../Engine/Plugins/Animation/ControlRig/Content/Controls/ControlRig_RoundedTriangle_3mm.ubulk" 453
"../../../Engine/Plugins/Animation/ControlRig/Content/Controls/ControlRig_RoundedTriangle_3mm.uasset" 454
"../../../Engine/Plugins/Animation/ControlRig/Content/Controls/ControlRig_RoundedTriangle_3mm.uexp" 455
"../../../Engine/Plugins/Animation/ControlRig/Content/Controls/ControlRig_RoundedTriangle_1mm.ubulk" 456
"../../../Engine/Plugins/Animation/ControlRig/Content/Controls/ControlRig_RoundedTriangle_1mm.uasset" 457
"../../../Engine/Plugins/Animation/ControlRig/Content/Controls/ControlRig_RoundedTriangle_1mm.uexp" 458
"../../../Engine/Plugins/Animation/ControlRig/Content/Controls/ControlRig_RoundedSquare_solid.ubulk" 459
"../../../Engine/Plugins/Animation/ControlRig/Content/Controls/ControlRig_RoundedSquare_solid.uasset" 460
"../../../Engine/Plugins/Animation/ControlRig/Content/Controls/ControlRig_RoundedSquare_solid.uexp" 461
"../../../Engine/Plugins/Animation/ControlRig/Content/Controls/ControlRig_RoundedSquare_3mm.ubulk" 462
"../../../Engine/Plugins/Animation/ControlRig/Content/Controls/ControlRig_RoundedSquare_3mm.uasset" 463
"../../../Engine/Plugins/Animation/ControlRig/Content/Controls/ControlRig_RoundedSquare_3mm.uexp" 464
"../../../Engine/Plugins/Animation/ControlRig/Content/Controls/ControlRig_RoundedSquare_1mm.ubulk" 465
"../../../Engine/Plugins/Animation/ControlRig/Content/Controls/ControlRig_RoundedSquare_1mm.uasset" 466
"../../../Engine/Plugins/Animation/ControlRig/Content/Controls/ControlRig_RoundedSquare_1mm.uexp" 467
"../../../Engine/Plugins/Animation/ControlRig/Content/Controls/ControlRig_QuarterCircle_solid.ubulk" 468
"../../../Engine/Plugins/Animation/ControlRig/Content/Controls/ControlRig_QuarterCircle_solid.uasset" 469
"../../../Engine/Plugins/Animation/ControlRig/Content/Controls/ControlRig_QuarterCircle_solid.uexp" 470
"../../../Engine/Plugins/Animation/ControlRig/Content/Controls/ControlRig_QuarterCircle_3mm.ubulk" 471
"../../../Engine/Plugins/Animation/ControlRig/Content/Controls/ControlRig_QuarterCircle_3mm.uasset" 472
"../../../Engine/Plugins/Animation/ControlRig/Content/Controls/ControlRig_QuarterCircle_3mm.uexp" 473
"../../../Engine/Plugins/Animation/ControlRig/Content/Controls/ControlRig_QuarterCircle_1mm.ubulk" 474
"../../../Engine/Plugins/Animation/ControlRig/Content/Controls/ControlRig_QuarterCircle_1mm.uasset" 475
"../../../Engine/Plugins/Animation/ControlRig/Content/Controls/ControlRig_QuarterCircle_1mm.uexp" 476
"../../../Engine/Plugins/Animation/ControlRig/Content/Controls/ControlRig_Pyramid_solid.ubulk" 477
"../../../Engine/Plugins/Animation/ControlRig/Content/Controls/ControlRig_Pyramid_solid.uasset" 478
"../../../Engine/Plugins/Animation/ControlRig/Content/Controls/ControlRig_Pyramid_solid.uexp" 479
"../../../Engine/Plugins/Animation/ControlRig/Content/Controls/ControlRig_Pyramid_3mm.ubulk" 480
"../../../Engine/Plugins/Animation/ControlRig/Content/Controls/ControlRig_Pyramid_3mm.uasset" 481
"../../../Engine/Plugins/Animation/ControlRig/Content/Controls/ControlRig_Pyramid_3mm.uexp" 482
"../../../Engine/Plugins/Animation/ControlRig/Content/Controls/ControlRig_Pyramid_1mm.ubulk" 483
"../../../Engine/Plugins/Animation/ControlRig/Content/Controls/ControlRig_Pyramid_1mm.uasset" 484
"../../../Engine/Plugins/Animation/ControlRig/Content/Controls/ControlRig_Pyramid_1mm.uexp" 485
"../../../Engine/Plugins/Animation/ControlRig/Content/Controls/ControlRig_Octagon_solid.ubulk" 486
"../../../Engine/Plugins/Animation/ControlRig/Content/Controls/ControlRig_Octagon_solid.uasset" 487
"../../../Engine/Plugins/Animation/ControlRig/Content/Controls/ControlRig_Octagon_solid.uexp" 488
"../../../Engine/Plugins/Animation/ControlRig/Content/Controls/ControlRig_Octagon_3mm.ubulk" 489
"../../../Engine/Plugins/Animation/ControlRig/Content/Controls/ControlRig_Octagon_3mm.uasset" 490
"../../../Engine/Plugins/Animation/ControlRig/Content/Controls/ControlRig_Octagon_3mm.uexp" 491
"../../../Engine/Plugins/Animation/ControlRig/Content/Controls/ControlRig_Octagon_1mm.ubulk" 492
"../../../Engine/Plugins/Animation/ControlRig/Content/Controls/ControlRig_Octagon_1mm.uasset" 493
"../../../Engine/Plugins/Animation/ControlRig/Content/Controls/ControlRig_Octagon_1mm.uexp" 494
"../../../Engine/Plugins/Animation/ControlRig/Content/Controls/ControlRig_Hexagon_solid.ubulk" 495
"../../../Engine/Plugins/Animation/ControlRig/Content/Controls/ControlRig_Hexagon_solid.uasset" 496
"../../../Engine/Plugins/Animation/ControlRig/Content/Controls/ControlRig_Hexagon_solid.uexp" 497
"../../../Engine/Plugins/Animation/ControlRig/Content/Controls/ControlRig_Hexagon_3mm.ubulk" 498
"../../../Engine/Plugins/Animation/ControlRig/Content/Controls/ControlRig_Hexagon_3mm.uasset" 499
"../../../Engine/Plugins/Animation/ControlRig/Content/Controls/ControlRig_Hexagon_3mm.uexp" 500
"../../../Engine/Plugins/Animation/ControlRig/Content/Controls/ControlRig_Hexagon_1mm.ubulk" 501
"../../../Engine/Plugins/Animation/ControlRig/Content/Controls/ControlRig_Hexagon_1mm.uasset" 502
"../../../Engine/Plugins/Animation/ControlRig/Content/Controls/ControlRig_Hexagon_1mm.uexp" 503
"../../../Engine/Plugins/Animation/ControlRig/Content/Controls/ControlRig_HalfCircle_solid.ubulk" 504
"../../../Engine/Plugins/Animation/ControlRig/Content/Controls/ControlRig_HalfCircle_solid.uasset" 505
"../../../Engine/Plugins/Animation/ControlRig/Content/Controls/ControlRig_HalfCircle_solid.uexp" 506
"../../../Engine/Plugins/Animation/ControlRig/Content/Controls/ControlRig_HalfCircle_3mm.ubulk" 507
"../../../Engine/Plugins/Animation/ControlRig/Content/Controls/ControlRig_HalfCircle_3mm.uasset" 508
"../../../Engine/Plugins/Animation/ControlRig/Content/Controls/ControlRig_HalfCircle_3mm.uexp" 509
"../../../Engine/Plugins/Animation/ControlRig/Content/Controls/ControlRig_HalfCircle_1mm.ubulk" 510
"../../../Engine/Plugins/Animation/ControlRig/Content/Controls/ControlRig_HalfCircle_1mm.uasset" 511
"../../../Engine/Plugins/Animation/ControlRig/Content/Controls/ControlRig_HalfCircle_1mm.uexp" 512
"../../../Engine/Plugins/Animation/ControlRig/Content/Controls/ControlRig_Diamond_solid.ubulk" 513
"../../../Engine/Plugins/Animation/ControlRig/Content/Controls/ControlRig_Diamond_solid.uasset" 514
"../../../Engine/Plugins/Animation/ControlRig/Content/Controls/ControlRig_Diamond_solid.uexp" 515
"../../../Engine/Plugins/Animation/ControlRig/Content/Controls/ControlRig_Diamond_3mm.ubulk" 516
"../../../Engine/Plugins/Animation/ControlRig/Content/Controls/ControlRig_Diamond_3mm.uasset" 517
"../../../Engine/Plugins/Animation/ControlRig/Content/Controls/ControlRig_Diamond_3mm.uexp" 518
"../../../Engine/Plugins/Animation/ControlRig/Content/Controls/ControlRig_Diamond_1mm.ubulk" 519
"../../../Engine/Plugins/Animation/ControlRig/Content/Controls/ControlRig_Diamond_1mm.uasset" 520
"../../../Engine/Plugins/Animation/ControlRig/Content/Controls/ControlRig_Diamond_1mm.uexp" 521
"../../../Engine/Plugins/Animation/ControlRig/Content/Controls/ControlRig_Circle_solid.ubulk" 522
"../../../Engine/Plugins/Animation/ControlRig/Content/Controls/ControlRig_Circle_solid.uasset" 523
"../../../Engine/Plugins/Animation/ControlRig/Content/Controls/ControlRig_Circle_solid.uexp" 524
"../../../Engine/Plugins/Animation/ControlRig/Content/Controls/ControlRig_Circle_3mm.ubulk" 525
"../../../Engine/Plugins/Animation/ControlRig/Content/Controls/ControlRig_Circle_3mm.uasset" 526
"../../../Engine/Plugins/Animation/ControlRig/Content/Controls/ControlRig_Circle_3mm.uexp" 527
"../../../Engine/Plugins/Animation/ControlRig/Content/Controls/ControlRig_Circle_1mm.ubulk" 528
"../../../Engine/Plugins/Animation/ControlRig/Content/Controls/ControlRig_Circle_1mm.uasset" 529
"../../../Engine/Plugins/Animation/ControlRig/Content/Controls/ControlRig_Circle_1mm.uexp" 530
"../../../Engine/Plugins/Animation/ControlRig/Content/Controls/ControlRig_Box_solid.ubulk" 531
"../../../Engine/Plugins/Animation/ControlRig/Content/Controls/ControlRig_Box_solid.uasset" 532
"../../../Engine/Plugins/Animation/ControlRig/Content/Controls/ControlRig_Box_solid.uexp" 533
"../../../Engine/Plugins/Animation/ControlRig/Content/Controls/ControlRig_Box_3mm.ubulk" 534
"../../../Engine/Plugins/Animation/ControlRig/Content/Controls/ControlRig_Box_3mm.uasset" 535
"../../../Engine/Plugins/Animation/ControlRig/Content/Controls/ControlRig_Box_3mm.uexp" 536
"../../../Engine/Plugins/Animation/ControlRig/Content/Controls/ControlRig_Box_1mm.ubulk" 537
"../../../Engine/Plugins/Animation/ControlRig/Content/Controls/ControlRig_Box_1mm.uasset" 538
"../../../Engine/Plugins/Animation/ControlRig/Content/Controls/ControlRig_Box_1mm.uexp" 539
"../../../Engine/Plugins/Animation/ControlRig/Content/Controls/ControlRig_Arrow_solid.ubulk" 540
"../../../Engine/Plugins/Animation/ControlRig/Content/Controls/ControlRig_Arrow_solid.uasset" 541
"../../../Engine/Plugins/Animation/ControlRig/Content/Controls/ControlRig_Arrow_solid.uexp" 542
"../../../Engine/Plugins/Animation/ControlRig/Content/Controls/ControlRig_Arrow_3mm.ubulk" 543
"../../../Engine/Plugins/Animation/ControlRig/Content/Controls/ControlRig_Arrow_3mm.uasset" 544
"../../../Engine/Plugins/Animation/ControlRig/Content/Controls/ControlRig_Arrow_3mm.uexp" 545
"../../../Engine/Plugins/Animation/ControlRig/Content/Controls/ControlRig_Arrow_1mm.ubulk" 546
"../../../Engine/Plugins/Animation/ControlRig/Content/Controls/ControlRig_Arrow_1mm.uasset" 547
"../../../Engine/Plugins/Animation/ControlRig/Content/Controls/ControlRig_Arrow_1mm.uexp" 548
"../../../Engine/Plugins/Animation/ControlRig/Content/Controls/ControlRig_Arrow4_solid.ubulk" 549
"../../../Engine/Plugins/Animation/ControlRig/Content/Controls/ControlRig_Arrow4_solid.uasset" 550
"../../../Engine/Plugins/Animation/ControlRig/Content/Controls/ControlRig_Arrow4_solid.uexp" 551
"../../../Engine/Plugins/Animation/ControlRig/Content/Controls/ControlRig_Arrow4_3mm.ubulk" 552
"../../../Engine/Plugins/Animation/ControlRig/Content/Controls/ControlRig_Arrow4_3mm.uasset" 553
"../../../Engine/Plugins/Animation/ControlRig/Content/Controls/ControlRig_Arrow4_3mm.uexp" 554
"../../../Engine/Plugins/Animation/ControlRig/Content/Controls/ControlRig_Arrow4_1mm.ubulk" 555
"../../../Engine/Plugins/Animation/ControlRig/Content/Controls/ControlRig_Arrow4_1mm.uasset" 556
"../../../Engine/Plugins/Animation/ControlRig/Content/Controls/ControlRig_Arrow4_1mm.uexp" 557
"../../../Engine/Plugins/Animation/ControlRig/Content/Controls/ControlRig_Arrow2_solid.ubulk" 558
"../../../Engine/Plugins/Animation/ControlRig/Content/Controls/ControlRig_Arrow2_solid.uasset" 559
"../../../Engine/Plugins/Animation/ControlRig/Content/Controls/ControlRig_Arrow2_solid.uexp" 560
"../../../Engine/Plugins/Animation/ControlRig/Content/Controls/ControlRig_Arrow2_3mm.ubulk" 561
"../../../Engine/Plugins/Animation/ControlRig/Content/Controls/ControlRig_Arrow2_3mm.uasset" 562
"../../../Engine/Plugins/Animation/ControlRig/Content/Controls/ControlRig_Arrow2_3mm.uexp" 563
"../../../Engine/Plugins/Animation/ControlRig/Content/Controls/ControlRig_Arrow2_1mm.ubulk" 564
"../../../Engine/Plugins/Animation/ControlRig/Content/Controls/ControlRig_Arrow2_1mm.uasset" 565
"../../../Engine/Plugins/Animation/ControlRig/Content/Controls/ControlRig_Arrow2_1mm.uexp" 566
"../../../Engine/Plugins/Animation/ControlRig/Content/Controls/ControlRigXRayMaterial.uasset" 567
"../../../Engine/Plugins/Animation/ControlRig/Content/Controls/ControlRigXRayMaterial.uexp" 568
"../../../Engine/Plugins/Animation/ControlRig/Content/Controls/ControlRigGizmoMaterial.uasset" 569
"../../../Engine/Plugins/Animation/ControlRig/Content/Controls/ControlRigGizmoMaterial.uexp" 570
"../../../Engine/Plugins/Editor/SpeedTreeImporter/Content/SpeedTree9/game_wind_noise.ubulk" 571
"../../../Engine/Plugins/Editor/SpeedTreeImporter/Content/SpeedTree9/game_wind_noise.uasset" 572
"../../../Engine/Plugins/Editor/SpeedTreeImporter/Content/SpeedTree9/game_wind_noise.uexp" 573
"../../../Engine/Plugins/Editor/SpeedTreeImporter/Content/SpeedTree9/UnpackDirection.uasset" 574
"../../../Engine/Plugins/Editor/SpeedTreeImporter/Content/SpeedTree9/UnpackDirection.uexp" 575
"../../../Engine/Content/Functions/Engine_MaterialFunctions02/ObjectLocalBounds.uasset" 576
"../../../Engine/Content/Functions/Engine_MaterialFunctions02/ObjectLocalBounds.uexp" 577
"../../../Engine/Content/Functions/Engine_MaterialFunctions02/UVs/BoundingBoxBased_0-1_UVW.uasset" 578
"../../../Engine/Content/Functions/Engine_MaterialFunctions02/UVs/BoundingBoxBased_0-1_UVW.uexp" 579
"../../../Engine/Content/Functions/Engine_MaterialFunctions02/Utility/VectorLength.uasset" 580
"../../../Engine/Content/Functions/Engine_MaterialFunctions02/Utility/VectorLength.uexp" 581
"../../../Engine/Plugins/Editor/SpeedTreeImporter/Content/SpeedTree9/UnpackInteger3.uasset" 582
"../../../Engine/Plugins/Editor/SpeedTreeImporter/Content/SpeedTree9/UnpackInteger3.uexp" 583
"../../../Engine/Plugins/Editor/SpeedTreeImporter/Content/SpeedTree9/SpeedTreeCameraFacing.uasset" 584
"../../../Engine/Plugins/Editor/SpeedTreeImporter/Content/SpeedTree9/SpeedTreeCameraFacing.uexp" 585
"../../../Engine/Content/Functions/Engine_MaterialFunctions02/WorldPositionOffset/ObjectScale.uasset" 586
"../../../Engine/Content/Functions/Engine_MaterialFunctions02/WorldPositionOffset/ObjectScale.uexp" 587
"../../../Engine/Content/Functions/Engine_MaterialFunctions02/SafeNormalize.uasset" 588
"../../../Engine/Content/Functions/Engine_MaterialFunctions02/SafeNormalize.uexp" 589
"../../../Engine/Plugins/Editor/SpeedTreeImporter/Content/SpeedTree9/SpeedTreeWindMotion.uasset" 590
"../../../Engine/Plugins/Editor/SpeedTreeImporter/Content/SpeedTree9/SpeedTreeWindMotion.uexp" 591
"../../../Engine/Plugins/Editor/SpeedTreeImporter/Content/SpeedTree9/SpeedTreeBranchMotion.uasset" 592
"../../../Engine/Plugins/Editor/SpeedTreeImporter/Content/SpeedTree9/SpeedTreeBranchMotion.uexp" 593
"../../../Engine/Plugins/Editor/SpeedTreeImporter/Content/SpeedTree9/SpeedTreeWind.uasset" 594
"../../../Engine/Plugins/Editor/SpeedTreeImporter/Content/SpeedTree9/SpeedTreeWind.uexp" 595
"../../../Engine/Plugins/Editor/SpeedTreeImporter/Content/SpeedTree9/EmptyNormal.uasset" 596
"../../../Engine/Plugins/Editor/SpeedTreeImporter/Content/SpeedTree9/EmptyNormal.uexp" 597
"../../../Engine/Plugins/Editor/SpeedTreeImporter/Content/SpeedTree9/Empty.uasset" 598
"../../../Engine/Plugins/Editor/SpeedTreeImporter/Content/SpeedTree9/Empty.uexp" 599
"../../../Engine/Plugins/Editor/SpeedTreeImporter/Content/SpeedTree9/SpeedTreeMaster.uasset" 600
"../../../Engine/Plugins/Editor/SpeedTreeImporter/Content/SpeedTree9/SpeedTreeMaster.uexp" 601
"../../../Engine/Plugins/Editor/SpeedTreeImporter/Content/SpeedTree9/SpeedTreeBillboard.uasset" 602
"../../../Engine/Plugins/Editor/SpeedTreeImporter/Content/SpeedTree9/SpeedTreeBillboard.uexp" 603
"../../../Engine/Plugins/Editor/SpeedTreeImporter/Content/SpeedTree9/SpeedTreeBillboardMaster.uasset" 604
"../../../Engine/Plugins/Editor/SpeedTreeImporter/Content/SpeedTree9/SpeedTreeBillboardMaster.uexp" 605
"../../../Engine/Plugins/Interchange/Runtime/Content/Pipelines/DefaultAssetsPipeline.uasset" 606
"../../../Engine/Plugins/Interchange/Runtime/Content/Pipelines/DefaultAssetsPipeline.uexp" 607
"../../../Engine/Plugins/Interchange/Runtime/Content/Pipelines/DefaultMaterialPipeline.uasset" 608
"../../../Engine/Plugins/Interchange/Runtime/Content/Pipelines/DefaultMaterialPipeline.uexp" 609
"../../../Engine/Content/Functions/Engine_MaterialFunctions02/Texturing/CustomRotator.uasset" 610
"../../../Engine/Content/Functions/Engine_MaterialFunctions02/Texturing/CustomRotator.uexp" 611
"../../../Engine/Content/Functions/Engine_MaterialFunctions02/Texturing/ScreenAlignedPixelToPixelUVs.uasset" 612
"../../../Engine/Content/Functions/Engine_MaterialFunctions02/Texturing/ScreenAlignedPixelToPixelUVs.uexp" 613
"../../../Engine/Plugins/Interchange/Runtime/Content/Utilities/T_Bayer64_Grayscale_64px.uasset" 614
"../../../Engine/Plugins/Interchange/Runtime/Content/Utilities/T_Bayer64_Grayscale_64px.uexp" 615
"../../../Engine/Plugins/Interchange/Runtime/Content/gltf/MaterialFunctions/MF_Temporal_Blur.uasset" 616
"../../../Engine/Plugins/Interchange/Runtime/Content/gltf/MaterialFunctions/MF_Temporal_Blur.uexp" 617
"../../../Engine/Plugins/Interchange/Runtime/Content/gltf/MaterialFunctions/MF_Fresnel_DS.uasset" 618
"../../../Engine/Plugins/Interchange/Runtime/Content/gltf/MaterialFunctions/MF_Fresnel_DS.uexp" 619
"../../../Engine/Plugins/Interchange/Runtime/Content/Functions/MX_Transmission.uasset" 620
"../../../Engine/Plugins/Interchange/Runtime/Content/Functions/MX_Transmission.uexp" 621
"../../../Engine/Plugins/Interchange/Runtime/Content/Functions/MX_StandardSurface.uasset" 622
"../../../Engine/Plugins/Interchange/Runtime/Content/Functions/MX_StandardSurface.uexp" 623
"../../../Engine/Plugins/Interchange/Runtime/Content/Functions/MX_TransmissionSurface.uasset" 624
"../../../Engine/Plugins/Interchange/Runtime/Content/Functions/MX_TransmissionSurface.uexp" 625
"../../../Engine/Content/Functions/Engine_MaterialFunctions02/Math/AddComponents.uasset" 626
"../../../Engine/Content/Functions/Engine_MaterialFunctions02/Math/AddComponents.uexp" 627
"../../../Engine/Content/Functions/Engine_MaterialFunctions02/WorldPositionOffset/V2/ObjectScale.uasset" 628
"../../../Engine/Content/Functions/Engine_MaterialFunctions02/WorldPositionOffset/V2/ObjectScale.uexp" 629
"../../../Engine/Plugins/Interchange/Runtime/Content/gltf/MaterialFunctions/MF_TransmissionOpacity.uasset" 630
"../../../Engine/Plugins/Interchange/Runtime/Content/gltf/MaterialFunctions/MF_TransmissionOpacity.uexp" 631
"../../../Engine/Plugins/Interchange/Runtime/Content/gltf/MaterialFunctions/MF_RotateV2.uasset" 632
"../../../Engine/Plugins/Interchange/Runtime/Content/gltf/MaterialFunctions/MF_RotateV2.uexp" 633
"../../../Engine/Plugins/Interchange/Runtime/Content/gltf/MaterialFunctions/MF_TransformUVs.uasset" 634
"../../../Engine/Plugins/Interchange/Runtime/Content/gltf/MaterialFunctions/MF_TransformUVs.uexp" 635
"../../../Engine/Plugins/Interchange/Runtime/Content/gltf/Textures/T_White_srgb.uasset" 636
"../../../Engine/Plugins/Interchange/Runtime/Content/gltf/Textures/T_White_srgb.uexp" 637
"../../../Engine/Plugins/Interchange/Runtime/Content/gltf/MaterialFunctions/MF_BaseColor.uasset" 638
"../../../Engine/Plugins/Interchange/Runtime/Content/gltf/MaterialFunctions/MF_BaseColor.uexp" 639
"../../../Engine/Plugins/Interchange/Runtime/Content/gltf/MaterialFunctions/MF_DiffuseSpecGloss.uasset" 640
"../../../Engine/Plugins/Interchange/Runtime/Content/gltf/MaterialFunctions/MF_DiffuseSpecGloss.uexp" 641
"../../../Engine/Plugins/Interchange/Runtime/Content/gltf/Textures/T_White_Linear.uasset" 642
"../../../Engine/Plugins/Interchange/Runtime/Content/gltf/Textures/T_White_Linear.uexp" 643
"../../../Engine/Plugins/Interchange/Runtime/Content/gltf/MaterialFunctions/MF_MetallicRoughness.uasset" 644
"../../../Engine/Plugins/Interchange/Runtime/Content/gltf/MaterialFunctions/MF_MetallicRoughness.uexp" 645
"../../../Engine/Plugins/Interchange/Runtime/Content/gltf/MaterialFunctions/MF_Transmission.uasset" 646
"../../../Engine/Plugins/Interchange/Runtime/Content/gltf/MaterialFunctions/MF_Transmission.uexp" 647
"../../../Engine/Plugins/Interchange/Runtime/Content/gltf/MaterialFunctions/MF_Occlusion.uasset" 648
"../../../Engine/Plugins/Interchange/Runtime/Content/gltf/MaterialFunctions/MF_Occlusion.uexp" 649
"../../../Engine/Plugins/Interchange/Runtime/Content/gltf/MaterialFunctions/MF_Specular.uasset" 650
"../../../Engine/Plugins/Interchange/Runtime/Content/gltf/MaterialFunctions/MF_Specular.uexp" 651
"../../../Engine/Plugins/Interchange/Runtime/Content/gltf/MaterialFunctions/MF_IOR.uasset" 652
"../../../Engine/Plugins/Interchange/Runtime/Content/gltf/MaterialFunctions/MF_IOR.uexp" 653
"../../../Engine/Content/Functions/Engine_MaterialFunctions01/Texturing/FlattenNormal.uasset" 654
"../../../Engine/Content/Functions/Engine_MaterialFunctions01/Texturing/FlattenNormal.uexp" 655
"../../../Engine/Content/Functions/Engine_MaterialFunctions02/Math/Transform3x3Matrix.uasset" 656
"../../../Engine/Content/Functions/Engine_MaterialFunctions02/Math/Transform3x3Matrix.uexp" 657
"../../../Engine/Plugins/Interchange/Runtime/Content/gltf/MaterialFunctions/MF_RotateNormals_TS.uasset" 658
"../../../Engine/Plugins/Interchange/Runtime/Content/gltf/MaterialFunctions/MF_RotateNormals_TS.uexp" 659
"../../../Engine/Plugins/Interchange/Runtime/Content/gltf/Textures/T_Generic_N.uasset" 660
"../../../Engine/Plugins/Interchange/Runtime/Content/gltf/Textures/T_Generic_N.uexp" 661
"../../../Engine/Plugins/Interchange/Runtime/Content/gltf/MaterialFunctions/MF_Normals.uasset" 662
"../../../Engine/Plugins/Interchange/Runtime/Content/gltf/MaterialFunctions/MF_Normals.uexp" 663
"../../../Engine/Plugins/Interchange/Runtime/Content/gltf/MaterialFunctions/MF_PerceivedBrightness.uasset" 664
"../../../Engine/Plugins/Interchange/Runtime/Content/gltf/MaterialFunctions/MF_PerceivedBrightness.uexp" 665
"../../../Engine/Plugins/Interchange/Runtime/Content/gltf/MaterialFunctions/MF_SpecGlossToMetalRoughness.uasset" 666
"../../../Engine/Plugins/Interchange/Runtime/Content/gltf/MaterialFunctions/MF_SpecGlossToMetalRoughness.uexp" 667
"../../../Engine/Plugins/Interchange/Runtime/Content/gltf/M_Transmission.uasset" 668
"../../../Engine/Plugins/Interchange/Runtime/Content/gltf/M_Transmission.uexp" 669
"../../../Engine/Plugins/Interchange/Runtime/Content/gltf/MaterialInstances_MR/MI_Transmission_TS.uasset" 670
"../../../Engine/Plugins/Interchange/Runtime/Content/gltf/MaterialInstances_MR/MI_Transmission_TS.uexp" 671
"../../../Engine/Plugins/Interchange/Runtime/Content/gltf/MaterialInstances_MR/MI_Transmission.uasset" 672
"../../../Engine/Plugins/Interchange/Runtime/Content/gltf/MaterialInstances_MR/MI_Transmission.uexp" 673
"../../../Engine/Plugins/Interchange/Runtime/Content/gltf/MaterialFunctions/MF_Clearcoat.uasset" 674
"../../../Engine/Plugins/Interchange/Runtime/Content/gltf/MaterialFunctions/MF_Clearcoat.uexp" 675
"../../../Engine/Plugins/Interchange/Runtime/Content/gltf/MaterialFunctions/MF_Emissive.uasset" 676
"../../../Engine/Plugins/Interchange/Runtime/Content/gltf/MaterialFunctions/MF_Emissive.uexp" 677
"../../../Engine/Plugins/Interchange/Runtime/Content/gltf/M_Translucent.uasset" 678
"../../../Engine/Plugins/Interchange/Runtime/Content/gltf/M_Translucent.uexp" 679
"../../../Engine/Plugins/Interchange/Runtime/Content/gltf/MaterialInstances_MR/MI_Translucent_TS.uasset" 680
"../../../Engine/Plugins/Interchange/Runtime/Content/gltf/MaterialInstances_MR/MI_Translucent_TS.uexp" 681
"../../../Engine/Plugins/Interchange/Runtime/Content/gltf/MaterialInstances_MR/MI_Translucent_ClearCoat_TS.uasset" 682
"../../../Engine/Plugins/Interchange/Runtime/Content/gltf/MaterialInstances_MR/MI_Translucent_ClearCoat_TS.uexp" 683
"../../../Engine/Plugins/Interchange/Runtime/Content/gltf/MaterialInstances_MR/MI_Translucent_ClearCoat.uasset" 684
"../../../Engine/Plugins/Interchange/Runtime/Content/gltf/MaterialInstances_MR/MI_Translucent_ClearCoat.uexp" 685
"../../../Engine/Plugins/Interchange/Runtime/Content/gltf/MaterialInstances_MR/MI_Translucent.uasset" 686
"../../../Engine/Plugins/Interchange/Runtime/Content/gltf/MaterialInstances_MR/MI_Translucent.uexp" 687
"../../../Engine/Plugins/Interchange/Runtime/Content/gltf/M_Unlit.uasset" 688
"../../../Engine/Plugins/Interchange/Runtime/Content/gltf/M_Unlit.uexp" 689
"../../../Engine/Plugins/Interchange/Runtime/Content/gltf/MaterialInstances_MR/MI_Opaque_Unlit_TS.uasset" 690
"../../../Engine/Plugins/Interchange/Runtime/Content/gltf/MaterialInstances_MR/MI_Opaque_Unlit_TS.uexp" 691
"../../../Engine/Plugins/Interchange/Runtime/Content/gltf/MaterialInstances_MR/MI_Opaque_Unlit.uasset" 692
"../../../Engine/Plugins/Interchange/Runtime/Content/gltf/MaterialInstances_MR/MI_Opaque_Unlit.uexp" 693
"../../../Engine/Plugins/Interchange/Runtime/Content/gltf/M_Opaque.uasset" 694
"../../../Engine/Plugins/Interchange/Runtime/Content/gltf/M_Opaque.uexp" 695
"../../../Engine/Plugins/Interchange/Runtime/Content/gltf/MaterialInstances_MR/MI_Opaque_TS.uasset" 696
"../../../Engine/Plugins/Interchange/Runtime/Content/gltf/MaterialInstances_MR/MI_Opaque_TS.uexp" 697
"../../../Engine/Plugins/Interchange/Runtime/Content/gltf/MaterialFunctions/MF_Sheen.uasset" 698
"../../../Engine/Plugins/Interchange/Runtime/Content/gltf/MaterialFunctions/MF_Sheen.uexp" 699
"../../../Engine/Content/Functions/Engine_MaterialFunctions01/Shading/FuzzyShading.uasset" 700
"../../../Engine/Content/Functions/Engine_MaterialFunctions01/Shading/FuzzyShading.uexp" 701
"../../../Engine/Plugins/Interchange/Runtime/Content/gltf/M_Sheen.uasset" 702
"../../../Engine/Plugins/Interchange/Runtime/Content/gltf/M_Sheen.uexp" 703
"../../../Engine/Plugins/Interchange/Runtime/Content/gltf/MaterialInstances_MR/MI_Opaque_Sheen_TS.uasset" 704
"../../../Engine/Plugins/Interchange/Runtime/Content/gltf/MaterialInstances_MR/MI_Opaque_Sheen_TS.uexp" 705
"../../../Engine/Plugins/Interchange/Runtime/Content/gltf/MaterialInstances_MR/MI_Opaque_Sheen.uasset" 706
"../../../Engine/Plugins/Interchange/Runtime/Content/gltf/MaterialInstances_MR/MI_Opaque_Sheen.uexp" 707
"../../../Engine/Plugins/Interchange/Runtime/Content/gltf/MaterialInstances_MR/MI_Opaque_ClearCoat_TS.uasset" 708
"../../../Engine/Plugins/Interchange/Runtime/Content/gltf/MaterialInstances_MR/MI_Opaque_ClearCoat_TS.uexp" 709
"../../../Engine/Plugins/Interchange/Runtime/Content/gltf/MaterialInstances_MR/MI_Opaque_ClearCoat.uasset" 710
"../../../Engine/Plugins/Interchange/Runtime/Content/gltf/MaterialInstances_MR/MI_Opaque_ClearCoat.uexp" 711
"../../../Engine/Plugins/Interchange/Runtime/Content/gltf/MaterialInstances_MR/MI_Opaque.uasset" 712
"../../../Engine/Plugins/Interchange/Runtime/Content/gltf/MaterialInstances_MR/MI_Opaque.uexp" 713
"../../../Engine/Plugins/Interchange/Runtime/Content/gltf/MaterialInstances_SG/MI_Transmission_TS.uasset" 714
"../../../Engine/Plugins/Interchange/Runtime/Content/gltf/MaterialInstances_SG/MI_Transmission_TS.uexp" 715
"../../../Engine/Plugins/Interchange/Runtime/Content/gltf/MaterialInstances_SG/MI_Transmission.uasset" 716
"../../../Engine/Plugins/Interchange/Runtime/Content/gltf/MaterialInstances_SG/MI_Transmission.uexp" 717
"../../../Engine/Plugins/Interchange/Runtime/Content/gltf/MaterialInstances_SG/MI_Translucent_TS.uasset" 718
"../../../Engine/Plugins/Interchange/Runtime/Content/gltf/MaterialInstances_SG/MI_Translucent_TS.uexp" 719
"../../../Engine/Plugins/Interchange/Runtime/Content/gltf/MaterialInstances_SG/MI_Translucent_ClearCoat_TS.uasset" 720
"../../../Engine/Plugins/Interchange/Runtime/Content/gltf/MaterialInstances_SG/MI_Translucent_ClearCoat_TS.uexp" 721
"../../../Engine/Plugins/Interchange/Runtime/Content/gltf/MaterialInstances_SG/MI_Translucent_ClearCoat.uasset" 722
"../../../Engine/Plugins/Interchange/Runtime/Content/gltf/MaterialInstances_SG/MI_Translucent_ClearCoat.uexp" 723
"../../../Engine/Plugins/Interchange/Runtime/Content/gltf/MaterialInstances_SG/MI_Translucent.uasset" 724
"../../../Engine/Plugins/Interchange/Runtime/Content/gltf/MaterialInstances_SG/MI_Translucent.uexp" 725
"../../../Engine/Plugins/Interchange/Runtime/Content/gltf/MaterialInstances_SG/MI_Opaque_TS.uasset" 726
"../../../Engine/Plugins/Interchange/Runtime/Content/gltf/MaterialInstances_SG/MI_Opaque_TS.uexp" 727
"../../../Engine/Plugins/Interchange/Runtime/Content/gltf/MaterialInstances_SG/MI_Opaque_Sheen_TS.uasset" 728
"../../../Engine/Plugins/Interchange/Runtime/Content/gltf/MaterialInstances_SG/MI_Opaque_Sheen_TS.uexp" 729
"../../../Engine/Plugins/Interchange/Runtime/Content/gltf/MaterialInstances_SG/MI_Opaque_Sheen.uasset" 730
"../../../Engine/Plugins/Interchange/Runtime/Content/gltf/MaterialInstances_SG/MI_Opaque_Sheen.uexp" 731
"../../../Engine/Plugins/Interchange/Runtime/Content/gltf/MaterialInstances_SG/MI_Opaque_ClearCoat_TS.uasset" 732
"../../../Engine/Plugins/Interchange/Runtime/Content/gltf/MaterialInstances_SG/MI_Opaque_ClearCoat_TS.uexp" 733
"../../../Engine/Plugins/Interchange/Runtime/Content/gltf/MaterialInstances_SG/MI_Opaque_ClearCoat.uasset" 734
"../../../Engine/Plugins/Interchange/Runtime/Content/gltf/MaterialInstances_SG/MI_Opaque_ClearCoat.uexp" 735
"../../../Engine/Plugins/Interchange/Runtime/Content/gltf/MaterialInstances_SG/MI_Opaque.uasset" 736
"../../../Engine/Plugins/Interchange/Runtime/Content/gltf/MaterialInstances_SG/MI_Opaque.uexp" 737
"../../../Engine/Content/BasicShapes/Cube.ubulk" 738
"../../../Engine/Content/BasicShapes/Cube.uasset" 739
"../../../Engine/Content/BasicShapes/Cube.uexp" 740
"../../../Engine/Content/BasicShapes/Plane.ubulk" 741
"../../../Engine/Content/BasicShapes/Plane.uasset" 742
"../../../Engine/Content/BasicShapes/Plane.uexp" 743
"../../../Engine/Content/Functions/Engine_MaterialFunctions02/Utility/BlendAngleCorrectedNormals.uasset" 744
"../../../Engine/Content/Functions/Engine_MaterialFunctions02/Utility/BlendAngleCorrectedNormals.uexp" 745
"C:/Dare/Content/StarterContent/Textures/T_Water_N.ubulk" 746
"C:/Dare/Content/StarterContent/Textures/T_Water_N.uasset" 747
"C:/Dare/Content/StarterContent/Textures/T_Water_N.uexp" 748
"../../../Engine/Content/EngineMaterials/BlendFunc_DefBlend.uasset" 749
"../../../Engine/Content/EngineMaterials/BlendFunc_DefBlend.uexp" 750
"../../../Engine/Content/EngineMaterials/BlendFunc_DefBase.uasset" 751
"../../../Engine/Content/EngineMaterials/BlendFunc_DefBase.uexp" 752
"../../../Engine/Content/Functions/Engine_MaterialFunctions03/Blends/Blend_Screen.uasset" 753
"../../../Engine/Content/Functions/Engine_MaterialFunctions03/Blends/Blend_Screen.uexp" 754
"C:/Dare/Content/Materials/Textures/WindWaker_T.ubulk" 755
"C:/Dare/Content/Materials/Textures/WindWaker_T.uasset" 756
"C:/Dare/Content/Materials/Textures/WindWaker_T.uexp" 757
"C:/Dare/Content/Materials/Textures/testWave.ubulk" 758
"C:/Dare/Content/Materials/Textures/testWave.uasset" 759
"C:/Dare/Content/Materials/Textures/testWave.uexp" 760
"C:/Dare/Content/Materials/M_Water.uasset" 761
"C:/Dare/Content/Materials/M_Water.uexp" 762
"C:/Dare/Content/Materials/M_Water_Inst.uasset" 763
"C:/Dare/Content/Materials/M_Water_Inst.uexp" 764
"C:/Dare/Content/Materials/ToonshaderTest/CellShader.uasset" 765
"C:/Dare/Content/Materials/ToonshaderTest/CellShader.uexp" 766
"C:/Dare/Content/Materials/ToonshaderTest/CellShader_Inst.uasset" 767
"C:/Dare/Content/Materials/ToonshaderTest/CellShader_Inst.uexp" 768
"C:/Dare/Content/InputAxis/IA_Interact.uasset" 769
"C:/Dare/Content/InputAxis/IA_Interact.uexp" 770
"C:/Dare/Content/InputAxis/IA_PlayerAbility.uasset" 771
"C:/Dare/Content/InputAxis/IA_PlayerAbility.uexp" 772
"C:/Dare/Content/InputAxis/IA_Aim.uasset" 773
"C:/Dare/Content/InputAxis/IA_Aim.uexp" 774
"C:/Dare/Content/InputAxis/IA_PlayerDash.uasset" 775
"C:/Dare/Content/InputAxis/IA_PlayerDash.uexp" 776
"C:/Dare/Content/InputAxis/IA_PlayerAbilityTwo.uasset" 777
"C:/Dare/Content/InputAxis/IA_PlayerAbilityTwo.uexp" 778
"C:/Dare/Content/InputAxis/IA_KeyboardMove.uasset" 779
"C:/Dare/Content/InputAxis/IA_KeyboardMove.uexp" 780
"C:/Dare/Content/InputAxis/PlayerMovementMapping.uasset" 781
"C:/Dare/Content/InputAxis/PlayerMovementMapping.uexp" 782
"C:/Dare/Content/InputAxis/IA_AbilityRelease.uasset" 783
"C:/Dare/Content/InputAxis/IA_AbilityRelease.uexp" 784
"C:/Dare/Content/InputAxis/IA_ControllerMove.uasset" 785
"C:/Dare/Content/InputAxis/IA_ControllerMove.uexp" 786
"C:/Dare/Content/InputAxis/InputConfig.uasset" 787
"C:/Dare/Content/InputAxis/InputConfig.uexp" 788
"C:/Dare/Content/Assets/Temporary/Materials/brown.uasset" 789
"C:/Dare/Content/Assets/Temporary/Materials/brown.uexp" 790
"C:/Dare/Content/Assets/Temporary/Materials/Apron.uasset" 791
"C:/Dare/Content/Assets/Temporary/Materials/Apron.uexp" 792
"C:/Dare/Content/Assets/Temporary/Materials/Collar.uasset" 793
"C:/Dare/Content/Assets/Temporary/Materials/Collar.uexp" 794
"C:/Dare/Content/Assets/Temporary/Materials/Horn.uasset" 795
"C:/Dare/Content/Assets/Temporary/Materials/Horn.uexp" 796
"C:/Dare/Content/Assets/Temporary/Materials/Buckles1.uasset" 797
"C:/Dare/Content/Assets/Temporary/Materials/Buckles1.uexp" 798
"C:/Dare/Content/Assets/Temporary/Materials/Bow.uasset" 799
"C:/Dare/Content/Assets/Temporary/Materials/Bow.uexp" 800
"C:/Dare/Content/Assets/Temporary/Materials/Tail.uasset" 801
"C:/Dare/Content/Assets/Temporary/Materials/Tail.uexp" 802
"C:/Dare/Content/Assets/Temporary/Materials/Bandana.uasset" 803
"C:/Dare/Content/Assets/Temporary/Materials/Bandana.uexp" 804
"C:/Dare/Content/Assets/Temporary/Materials/Belt.uasset" 805
"C:/Dare/Content/Assets/Temporary/Materials/Belt.uexp" 806
"C:/Dare/Content/Assets/Temporary/Materials/Armor_plate.uasset" 807
"C:/Dare/Content/Assets/Temporary/Materials/Armor_plate.uexp" 808
"C:/Dare/Content/Assets/Temporary/Materials/Apron_Bow.uasset" 809
"C:/Dare/Content/Assets/Temporary/Materials/Apron_Bow.uexp" 810
"C:/Dare/Content/Assets/Temporary/Materials/Body.uasset" 811
"C:/Dare/Content/Assets/Temporary/Materials/Body.uexp" 812
"C:/Dare/Content/Assets/Temporary/Meshes/TankHighPoly.ubulk" 813
"C:/Dare/Content/Assets/Temporary/Meshes/TankHighPoly.uasset" 814
"C:/Dare/Content/Assets/Temporary/Meshes/TankHighPoly.uexp" 815
"C:/Dare/Content/Blueprints/BP_MuscleCharacter.uasset" 816
"C:/Dare/Content/Blueprints/BP_MuscleCharacter.uexp" 817
"C:/Dare/Content/Assets/Temporary/Materials/lambert21.uasset" 818
"C:/Dare/Content/Assets/Temporary/Materials/lambert21.uexp" 819
"C:/Dare/Content/Assets/Temporary/Meshes/Bush.ubulk" 820
"C:/Dare/Content/Assets/Temporary/Meshes/Bush.uasset" 821
"C:/Dare/Content/Assets/Temporary/Meshes/Bush.uexp" 822
"C:/Dare/Content/Assets/Temporary/Materials/standardSurface1.uasset" 823
"C:/Dare/Content/Assets/Temporary/Materials/standardSurface1.uexp" 824
"C:/Dare/Content/Assets/Temporary/Meshes/Terrain.ubulk" 825
"C:/Dare/Content/Assets/Temporary/Meshes/Terrain.uasset" 826
"C:/Dare/Content/Assets/Temporary/Meshes/Terrain.uexp" 827
"../../../Engine/Content/EngineSky/T_Sky_Stars.ubulk" 828
"../../../Engine/Content/EngineSky/T_Sky_Stars.uasset" 829
"../../../Engine/Content/EngineSky/T_Sky_Stars.uexp" 830
"../../../Engine/Content/EngineSky/T_Sky_Clouds_M.ubulk" 831
"../../../Engine/Content/EngineSky/T_Sky_Clouds_M.uasset" 832
"../../../Engine/Content/EngineSky/T_Sky_Clouds_M.uexp" 833
"../../../Engine/Content/EngineSky/T_Sky_Blue.ubulk" 834
"../../../Engine/Content/EngineSky/T_Sky_Blue.uasset" 835
"../../../Engine/Content/EngineSky/T_Sky_Blue.uexp" 836
"../../../Engine/Content/EngineSky/M_Sky_Panning_Clouds2.uasset" 837
"../../../Engine/Content/EngineSky/M_Sky_Panning_Clouds2.uexp" 838
"../../../Engine/Content/EngineSky/SM_SkySphere.ubulk" 839
"../../../Engine/Content/EngineSky/SM_SkySphere.uasset" 840
"../../../Engine/Content/EngineSky/SM_SkySphere.uexp" 841
"C:/Dare/Content/StarterContent/Materials/M_Basic_Wall.uasset" 842
"C:/Dare/Content/StarterContent/Materials/M_Basic_Wall.uexp" 843
"C:/Dare/Content/StarterContent/Shapes/Shape_Cube.ubulk" 844
"C:/Dare/Content/StarterContent/Shapes/Shape_Cube.uasset" 845
"C:/Dare/Content/StarterContent/Shapes/Shape_Cube.uexp" 846
"../../../Engine/Plugins/FX/Niagara/Content/Enums/SpriteRenderer/ENiagara_ScaleSpriteSize.uasset" 847
"../../../Engine/Plugins/FX/Niagara/Content/Enums/SpriteRenderer/ENiagara_ScaleSpriteSize.uexp" 848
"../../../Engine/Plugins/FX/Niagara/Content/Enums/ENiagaraSphereDistributionMode.uasset" 849
"../../../Engine/Plugins/FX/Niagara/Content/Enums/ENiagaraSphereDistributionMode.uexp" 850
"../../../Engine/Plugins/FX/Niagara/Content/Enums/ENiagaraTorusDistributionMode.uasset" 851
"../../../Engine/Plugins/FX/Niagara/Content/Enums/ENiagaraTorusDistributionMode.uexp" 852
"../../../Engine/Plugins/FX/Niagara/Content/Enums/ENiagaraRandomnessMode.uasset" 853
"../../../Engine/Plugins/FX/Niagara/Content/Enums/ENiagaraRandomnessMode.uexp" 854
"../../../Engine/Plugins/FX/Niagara/Content/Enums/ENiagaraRandomnessEvaluation.uasset" 855
"../../../Engine/Plugins/FX/Niagara/Content/Enums/ENiagaraRandomnessEvaluation.uexp" 856
"../../../Engine/Plugins/FX/Niagara/Content/Enums/Location/ENiagara_LocationShapes.uasset" 857
"../../../Engine/Plugins/FX/Niagara/Content/Enums/Location/ENiagara_LocationShapes.uexp" 858
"../../../Engine/Plugins/FX/Niagara/Content/Enums/ENiagara_MassInitializationMode.uasset" 859
"../../../Engine/Plugins/FX/Niagara/Content/Enums/ENiagara_MassInitializationMode.uexp" 860
"../../../Engine/Plugins/FX/Niagara/Content/Enums/Location/ENiagara_CylinderMode.uasset" 861
"../../../Engine/Plugins/FX/Niagara/Content/Enums/Location/ENiagara_CylinderMode.uexp" 862
"../../../Engine/Plugins/FX/Niagara/Content/Enums/Utility/ENiagara_IntegerConversion.uasset" 863
"../../../Engine/Plugins/FX/Niagara/Content/Enums/Utility/ENiagara_IntegerConversion.uexp" 864
"../../../Engine/Plugins/FX/Niagara/Content/Enums/ENiagara_PositionInitializationMode.uasset" 865
"../../../Engine/Plugins/FX/Niagara/Content/Enums/ENiagara_PositionInitializationMode.uexp" 866
"../../../Engine/Plugins/FX/Niagara/Content/Icons/Modules/T_Icon_Solver_LimitSpeed.uasset" 867
"../../../Engine/Plugins/FX/Niagara/Content/Icons/Modules/T_Icon_Solver_LimitSpeed.uexp" 868
"../../../Engine/Plugins/FX/Niagara/Content/Icons/Modules/T_Icon_Solver_RotationalSolve.uasset" 869
"../../../Engine/Plugins/FX/Niagara/Content/Icons/Modules/T_Icon_Solver_RotationalSolve.uexp" 870
"../../../Engine/Plugins/FX/Niagara/Content/Icons/Modules/T_Icon_Solver_LimitAccel.uasset" 871
"../../../Engine/Plugins/FX/Niagara/Content/Icons/Modules/T_Icon_Solver_LimitAccel.uexp" 872
"../../../Engine/Plugins/FX/Niagara/Content/Enums/ENiagara_SizeScaleMode.uasset" 873
"../../../Engine/Plugins/FX/Niagara/Content/Enums/ENiagara_SizeScaleMode.uexp" 874
"../../../Engine/Plugins/FX/Niagara/Content/Enums/ENiagara_UVFlippingMode.uasset" 875
"../../../Engine/Plugins/FX/Niagara/Content/Enums/ENiagara_UVFlippingMode.uexp" 876
"../../../Engine/Plugins/FX/Niagara/Content/Enums/Ribbons/ENiagara_UnsetDirectSetRandom.uasset" 877
"../../../Engine/Plugins/FX/Niagara/Content/Enums/Ribbons/ENiagara_UnsetDirectSetRandom.uexp" 878
"../../../Engine/Plugins/FX/Niagara/Content/Enums/ENiagara_LifetimeMode.uasset" 879
"../../../Engine/Plugins/FX/Niagara/Content/Enums/ENiagara_LifetimeMode.uexp" 880
"../../../Engine/Plugins/FX/Niagara/Content/Enums/Ribbons/ENiagara_UnsetDirectSet.uasset" 881
"../../../Engine/Plugins/FX/Niagara/Content/Enums/Ribbons/ENiagara_UnsetDirectSet.uexp" 882
"../../../Engine/Plugins/FX/Niagara/Content/Enums/ENiagara_SpriteRotationMode.uasset" 883
"../../../Engine/Plugins/FX/Niagara/Content/Enums/ENiagara_SpriteRotationMode.uexp" 884
"../../../Engine/Plugins/FX/Niagara/Content/Enums/ENiagara_ColorInitializationMode.uasset" 885
"../../../Engine/Plugins/FX/Niagara/Content/Enums/ENiagara_ColorInitializationMode.uexp" 886
"../../../Engine/Plugins/FX/Niagara/Content/Enums/ENiagaraChannelCorrelation.uasset" 887
"../../../Engine/Plugins/FX/Niagara/Content/Enums/ENiagaraChannelCorrelation.uexp" 888
"../../../Engine/Plugins/FX/Niagara/Content/Enums/Transforms/ENiagara_ScaleMode.uasset" 889
"../../../Engine/Plugins/FX/Niagara/Content/Enums/Transforms/ENiagara_ScaleMode.uexp" 890
"../../../Engine/Plugins/FX/Niagara/Content/Enums/Transforms/ENiagara_LWCConvertPosToVec.uasset" 891
"../../../Engine/Plugins/FX/Niagara/Content/Enums/Transforms/ENiagara_LWCConvertPosToVec.uexp" 892
"../../../Engine/Plugins/FX/Niagara/Content/Enums/ENiagaraVector4_Channels.uasset" 893
"../../../Engine/Plugins/FX/Niagara/Content/Enums/ENiagaraVector4_Channels.uexp" 894
"../../../Engine/Plugins/FX/Niagara/Content/Enums/Angles/ENiagara_AngleInput.uasset" 895
"../../../Engine/Plugins/FX/Niagara/Content/Enums/Angles/ENiagara_AngleInput.uexp" 896
"../../../Engine/Plugins/FX/Niagara/Content/Enums/Utility/ENiagara_VelocityMode.uasset" 897
"../../../Engine/Plugins/FX/Niagara/Content/Enums/Utility/ENiagara_VelocityMode.uexp" 898
"../../../Engine/Plugins/FX/Niagara/Content/Enums/Transforms/ENiagara_RotationMode.uasset" 899
"../../../Engine/Plugins/FX/Niagara/Content/Enums/Transforms/ENiagara_RotationMode.uexp" 900
"../../../Engine/Plugins/FX/Niagara/Content/Enums/ENiagaraEmitterLifeCycleMode.uasset" 901
"../../../Engine/Plugins/FX/Niagara/Content/Enums/ENiagaraEmitterLifeCycleMode.uexp" 902
"../../../Engine/Plugins/FX/Niagara/Content/Enums/ENiagara_InfiniteLoopDuration.uasset" 903
"../../../Engine/Plugins/FX/Niagara/Content/Enums/ENiagara_InfiniteLoopDuration.uexp" 904
"../../../Engine/Plugins/FX/Niagara/Content/Enums/ENiagara_EmitterStateOptions.uasset" 905
"../../../Engine/Plugins/FX/Niagara/Content/Enums/ENiagara_EmitterStateOptions.uexp" 906
"../../../Engine/Plugins/FX/Niagara/Content/Enums/ENiagaraInactiveMode.uasset" 907
"../../../Engine/Plugins/FX/Niagara/Content/Enums/ENiagaraInactiveMode.uexp" 908
"../../../Engine/Plugins/FX/Niagara/Content/Enums/ENiagaraExecutionStateManagement.uasset" 909
"../../../Engine/Plugins/FX/Niagara/Content/Enums/ENiagaraExecutionStateManagement.uexp" 910
"../../../Engine/Plugins/FX/Niagara/Content/Enums/ENiagaraEmitterScalabilityMode_Limited.uasset" 911
"../../../Engine/Plugins/FX/Niagara/Content/Enums/ENiagaraEmitterScalabilityMode_Limited.uexp" 912
"../../../Engine/Plugins/FX/Niagara/Content/Enums/Location/ENiagara_ConeMode.uasset" 913
"../../../Engine/Plugins/FX/Niagara/Content/Enums/Location/ENiagara_ConeMode.uexp" 914
"../../../Engine/Plugins/FX/Niagara/Content/Enums/ENiagaraSystemInactiveMode.uasset" 915
"../../../Engine/Plugins/FX/Niagara/Content/Enums/ENiagaraSystemInactiveMode.uexp" 916
"../../../Engine/Plugins/FX/Niagara/Content/Enums/ENiagara_AttributeSamplingApplyOutput.uasset" 917
"../../../Engine/Plugins/FX/Niagara/Content/Enums/ENiagara_AttributeSamplingApplyOutput.uexp" 918
"../../../Engine/Plugins/FX/Niagara/Content/Enums/Transforms/ENiagara_OffsetMode.uasset" 919
"../../../Engine/Plugins/FX/Niagara/Content/Enums/Transforms/ENiagara_OffsetMode.uexp" 920
"../../../Engine/Plugins/FX/Niagara/Content/Enums/Location/ENiagara_BoxPlaneMode.uasset" 921
"../../../Engine/Plugins/FX/Niagara/Content/Enums/Location/ENiagara_BoxPlaneMode.uexp" 922
"C:/Dare/Content/VFX/Textures/T_Smoke.ubulk" 923
"C:/Dare/Content/VFX/Textures/T_Smoke.uasset" 924
"C:/Dare/Content/VFX/Textures/T_Smoke.uexp" 925
"C:/Dare/Content/VFX/M_Poof.uasset" 926
"C:/Dare/Content/VFX/M_Poof.uexp" 927
"../../../Engine/Plugins/FX/Niagara/Content/Enums/Transforms/ENiagara_TransformOrder.uasset" 928
"../../../Engine/Plugins/FX/Niagara/Content/Enums/Transforms/ENiagara_TransformOrder.uexp" 929
"../../../Engine/Plugins/FX/Niagara/Content/Enums/Location/ENiagaraRingDiscMode.uasset" 930
"../../../Engine/Plugins/FX/Niagara/Content/Enums/Location/ENiagaraRingDiscMode.uexp" 931
"../../../Engine/Plugins/FX/Niagara/Content/Enums/ENiagaraShapeTorusMode.uasset" 932
"../../../Engine/Plugins/FX/Niagara/Content/Enums/ENiagaraShapeTorusMode.uexp" 933
"../../../Engine/Plugins/FX/Niagara/Content/Enums/ENiagaraExpansionMode.uasset" 934
"../../../Engine/Plugins/FX/Niagara/Content/Enums/ENiagaraExpansionMode.uexp" 935
"../../../Engine/Plugins/FX/Niagara/Content/Enums/Transforms/ENiagara_TransformType.uasset" 936
"../../../Engine/Plugins/FX/Niagara/Content/Enums/Transforms/ENiagara_TransformType.uexp" 937
"../../../Engine/Plugins/FX/Niagara/Content/Icons/Modules/T_Icon_Particle_InfiniteLife.uasset" 938
"../../../Engine/Plugins/FX/Niagara/Content/Icons/Modules/T_Icon_Particle_InfiniteLife.uexp" 939
"C:/Dare/Content/VFX/P_Poof.uasset" 940
"C:/Dare/Content/VFX/P_Poof.uexp" 941
"C:/Dare/Content/Blueprints/DestrucibleEnvironments/Boulder.uasset" 942
"C:/Dare/Content/Blueprints/DestrucibleEnvironments/Boulder.uexp" 943
"C:/Dare/Content/Assets/Temporary/Materials/darkest_green.uasset" 944
"C:/Dare/Content/Assets/Temporary/Materials/darkest_green.uexp" 945
"C:/Dare/Content/Materials/ToonshaderTest/NormalOutlines.uasset" 946
"C:/Dare/Content/Materials/ToonshaderTest/NormalOutlines.uexp" 947
"C:/Dare/Content/Materials/ToonshaderTest/SobelFunction.uasset" 948
"C:/Dare/Content/Materials/ToonshaderTest/SobelFunction.uexp" 949
"C:/Dare/Content/StarterContent/Textures/T_Smoke_Tiled_D.ubulk" 950
"C:/Dare/Content/StarterContent/Textures/T_Smoke_Tiled_D.uasset" 951
"C:/Dare/Content/StarterContent/Textures/T_Smoke_Tiled_D.uexp" 952
"C:/Dare/Content/Materials/ToonshaderTest/OutlineShader.uasset" 953
"C:/Dare/Content/Materials/ToonshaderTest/OutlineShader.uexp" 954
"C:/Dare/Content/Materials/ToonshaderTest/OutlineShader_Inst.uasset" 955
"C:/Dare/Content/Materials/ToonshaderTest/OutlineShader_Inst.uexp" 956
"C:/Dare/Content/Materials/Characters/MageBake_low_lambert1_BaseColor.uasset" 957
"C:/Dare/Content/Materials/Characters/MageBake_low_lambert1_BaseColor.uexp" 958
"C:/Dare/Content/Materials/Characters/MageBake_low_lambert1_Normal.uasset" 959
"C:/Dare/Content/Materials/Characters/MageBake_low_lambert1_Normal.uexp" 960
"C:/Dare/Content/Materials/Characters/MageBake_low_lambert1_OcclusionRoughnessMetallic.uasset" 961
"C:/Dare/Content/Materials/Characters/MageBake_low_lambert1_OcclusionRoughnessMetallic.uexp" 962
"C:/Dare/Content/Materials/Characters/MageMat.uasset" 963
"C:/Dare/Content/Materials/Characters/MageMat.uexp" 964
"C:/Dare/Content/Assets/Temporary/Meshes/Mage_Uved.ubulk" 965
"C:/Dare/Content/Assets/Temporary/Meshes/Mage_Uved.uasset" 966
"C:/Dare/Content/Assets/Temporary/Meshes/Mage_Uved.uexp" 967
"../../../Engine/Plugins/FX/Niagara/Content/DefaultAssets/DefaultRIbbonMaterial.uasset" 968
"../../../Engine/Plugins/FX/Niagara/Content/DefaultAssets/DefaultRIbbonMaterial.uexp" 969
"C:/Dare/Content/VFX/P_Water.uasset" 970
"C:/Dare/Content/VFX/P_Water.uexp" 971
"C:/Dare/Content/Assets/Temporary/Materials/lambert22.uasset" 972
"C:/Dare/Content/Assets/Temporary/Materials/lambert22.uexp" 973
"C:/Dare/Content/Assets/Temporary/Meshes/Tree.ubulk" 974
"C:/Dare/Content/Assets/Temporary/Meshes/Tree.uasset" 975
"C:/Dare/Content/Assets/Temporary/Meshes/Tree.uexp" 976
"C:/Dare/Content/Assets/Temporary/Materials/darkbrown.uasset" 977
"C:/Dare/Content/Assets/Temporary/Materials/darkbrown.uexp" 978
"C:/Dare/Content/Blueprints/EarthSpellObjects/BP_GrowingObject.uasset" 979
"C:/Dare/Content/Blueprints/EarthSpellObjects/BP_GrowingObject.uexp" 980
"C:/Dare/Content/RT_DirtObject.uasset" 981
"C:/Dare/Content/RT_DirtObject.uexp" 982
"C:/Dare/Content/Materials/M_WaterSpray.uasset" 983
"C:/Dare/Content/Materials/M_WaterSpray.uexp" 984
"../../../Engine/Content/EngineResources/AICON-Green_Low.uasset" 985
"../../../Engine/Content/EngineResources/AICON-Green_Low.uexp" 986
"../../../Engine/Content/EngineResources/Black_Low.uasset" 987
"../../../Engine/Content/EngineResources/Black_Low.uexp" 988
"../../../Engine/Content/Functions/Engine_MaterialFunctions02/ExampleContent/DebugNumberStrip.uasset" 989
"../../../Engine/Content/Functions/Engine_MaterialFunctions02/ExampleContent/DebugNumberStrip.uexp" 990
"../../../Engine/Content/Functions/Engine_MaterialFunctions01/Texturing/ComputeMipLevel.uasset" 991
"../../../Engine/Content/Functions/Engine_MaterialFunctions01/Texturing/ComputeMipLevel.uexp" 992
"../../../Engine/Content/Functions/Engine_MaterialFunctions01/Texturing/TextureCropping.uasset" 993
"../../../Engine/Content/Functions/Engine_MaterialFunctions01/Texturing/TextureCropping.uexp" 994
"../../../Engine/Content/Functions/Engine_MaterialFunctions02/ExampleContent/Textures/DebugNumberPeriod.uasset" 995
"../../../Engine/Content/Functions/Engine_MaterialFunctions02/ExampleContent/Textures/DebugNumberPeriod.uexp" 996
"../../../Engine/Content/Functions/Engine_MaterialFunctions02/Utility/DebugScalarValues.uasset" 997
"../../../Engine/Content/Functions/Engine_MaterialFunctions02/Utility/DebugScalarValues.uexp" 998
"../../../Engine/Content/Functions/Engine_MaterialFunctions02/Utility/BreakOutFloat4Components.uasset" 999
"../../../Engine/Content/Functions/Engine_MaterialFunctions02/Utility/BreakOutFloat4Components.uexp" 1000
"../../../Engine/Content/Functions/Engine_MaterialFunctions02/Utility/DebugFloat4Values.uasset" 1001
"../../../Engine/Content/Functions/Engine_MaterialFunctions02/Utility/DebugFloat4Values.uexp" 1002
"C:/Dare/Content/Materials/M_DirtObject.uasset" 1003
"C:/Dare/Content/Materials/M_DirtObject.uexp" 1004
"C:/Dare/Content/Blueprints/WaterSpellObjects/BP_WaterTestObject.uasset" 1005
"C:/Dare/Content/Blueprints/WaterSpellObjects/BP_WaterTestObject.uexp" 1006
"C:/Dare/Content/VFX/M_ParticleBase.uasset" 1007
"C:/Dare/Content/VFX/M_ParticleBase.uexp" 1008
"C:/Dare/Content/VFX/fireMesh.ubulk" 1009
"C:/Dare/Content/VFX/fireMesh.uasset" 1010
"C:/Dare/Content/VFX/fireMesh.uexp" 1011
"C:/Dare/Content/VFX/P_Fire.uasset" 1012
"C:/Dare/Content/VFX/P_Fire.uexp" 1013
"C:/Dare/Content/Blueprints/WaterSpellObjects/BP_Extinguishable.uasset" 1014
"C:/Dare/Content/Blueprints/WaterSpellObjects/BP_Extinguishable.uexp" 1015
"../../../Engine/Content/EditorBlueprintResources/StandardMacros.uasset" 1016
"../../../Engine/Content/EditorBlueprintResources/StandardMacros.uexp" 1017
"C:/Dare/Content/Blueprints/BP_MageCharacter.uasset" 1018
"C:/Dare/Content/Blueprints/BP_MageCharacter.uexp" 1019
"C:/Dare/Content/Assets/InteractiveOutline.uasset" 1020
"C:/Dare/Content/Assets/InteractiveOutline.uexp" 1021
"../../../Engine/Content/BasicShapes/BasicShapeMaterial.uasset" 1022
"../../../Engine/Content/BasicShapes/BasicShapeMaterial.uexp" 1023
"C:/Dare/Content/Assets/Temporary/Materials/lambert18.uasset" 1024
"C:/Dare/Content/Assets/Temporary/Materials/lambert18.uexp" 1025
"C:/Dare/Content/Assets/Temporary/Materials/surfaceShader1.uasset" 1026
"C:/Dare/Content/Assets/Temporary/Materials/surfaceShader1.uexp" 1027
"C:/Dare/Content/Assets/Temporary/Materials/pasted__wall.uasset" 1028
"C:/Dare/Content/Assets/Temporary/Materials/pasted__wall.uexp" 1029
"C:/Dare/Content/Assets/Temporary/Materials/pasted__darkbrown2.uasset" 1030
"C:/Dare/Content/Assets/Temporary/Materials/pasted__darkbrown2.uexp" 1031
"C:/Dare/Content/Assets/Temporary/Materials/blinn1.uasset" 1032
"C:/Dare/Content/Assets/Temporary/Materials/blinn1.uexp" 1033
"C:/Dare/Content/Assets/Temporary/Materials/pasted__darkbrown1.uasset" 1034
"C:/Dare/Content/Assets/Temporary/Materials/pasted__darkbrown1.uexp" 1035
"C:/Dare/Content/Assets/Temporary/Materials/purple.uasset" 1036
"C:/Dare/Content/Assets/Temporary/Materials/purple.uexp" 1037
"C:/Dare/Content/Assets/Temporary/Meshes/House.ubulk" 1038
"C:/Dare/Content/Assets/Temporary/Meshes/House.uasset" 1039
"C:/Dare/Content/Assets/Temporary/Meshes/House.uexp" 1040
"C:/Dare/Content/Blueprints/Rebuildables/RebuildableHouse.uasset" 1041
"C:/Dare/Content/Blueprints/Rebuildables/RebuildableHouse.uexp" 1042
"C:/Dare/Content/StarterContent/Textures/T_Detail_Rocky_N.ubulk" 1043
"C:/Dare/Content/StarterContent/Textures/T_Detail_Rocky_N.uasset" 1044
"C:/Dare/Content/StarterContent/Textures/T_Detail_Rocky_N.uexp" 1045
"C:/Dare/Content/StarterContent/Textures/T_Rock_Basalt_D.ubulk" 1046
"C:/Dare/Content/StarterContent/Textures/T_Rock_Basalt_D.uasset" 1047
"C:/Dare/Content/StarterContent/Textures/T_Rock_Basalt_D.uexp" 1048
"C:/Dare/Content/StarterContent/Textures/T_RockMesh_N.ubulk" 1049
"C:/Dare/Content/StarterContent/Textures/T_RockMesh_N.uasset" 1050
"C:/Dare/Content/StarterContent/Textures/T_RockMesh_N.uexp" 1051
"C:/Dare/Content/StarterContent/Textures/T_RockMesh_M.ubulk" 1052
"C:/Dare/Content/StarterContent/Textures/T_RockMesh_M.uasset" 1053
"C:/Dare/Content/StarterContent/Textures/T_RockMesh_M.uexp" 1054
"C:/Dare/Content/StarterContent/Props/Materials/M_Rock.uasset" 1055
"C:/Dare/Content/StarterContent/Props/Materials/M_Rock.uexp" 1056
"C:/Dare/Content/StarterContent/Props/SM_Rock.ubulk" 1057
"C:/Dare/Content/StarterContent/Props/SM_Rock.uasset" 1058
"C:/Dare/Content/StarterContent/Props/SM_Rock.uexp" 1059
"C:/Dare/Content/PlayerGameMode.uasset" 1060
"C:/Dare/Content/PlayerGameMode.uexp" 1061
"../../../Engine/Content/EngineSky/M_SimpleSkyDome.uasset" 1062
"../../../Engine/Content/EngineSky/M_SimpleSkyDome.uexp" 1063
"C:/Dare/Content/Blueprints/EarthSpellObjects/BP_EarthBridge.uasset" 1064
"C:/Dare/Content/Blueprints/EarthSpellObjects/BP_EarthBridge.uexp" 1065
"C:/Dare/Content/Levels/TutorialLevel.uexp" 1066
"C:/Dare/Content/Levels/TutorialLevel.umap" 1067
"../../../Engine/Content/Maps/Entry_BuiltData.uasset" 1068
"../../../Engine/Content/Maps/Entry_BuiltData.uexp" 1069
"../../../Engine/Content/Maps/Entry.uexp" 1070
"../../../Engine/Content/Maps/Entry.umap" 1071
